rcpsp/heur_output_or_constraints/Log=1/heurj120.txt
encoding rcpsp/j120.sm/j12010_10.sm nv: 4129986 nc: 8396123 enctime: 86.81
encoding rcpsp/j120.sm/j12010_10.sm nv: 340949 nc: 689058 enctime: 3.43
c File: j12010_10.smnaiveor1.wcnf
c timeout
c final solution cost: 49
c CPU time: 71.210139
s UNKNOWN

c File: j12010_10.smor1.wcnf
c timeout
c final solution cost: 49
c CPU time: 60.544619
s UNKNOWN


rcpsp/heur_output_or_constraints/Log=1/heurj120.txt
encoding rcpsp/j120.sm/j12010_1.sm nv: 3165652 nc: 6529145 enctime: 71.28
encoding rcpsp/j120.sm/j12010_1.sm nv: 407554 nc: 836603 enctime: 5.85
c File: j12010_1.smnaiveor1.wcnf
c timeout
c final solution cost: 76
c CPU time: 70.550396
s UNKNOWN

c File: j12010_1.smor1.wcnf
c timeout
c final solution cost: 75
c CPU time: 60.635791
s UNKNOWN


rcpsp/heur_output_or_constraints/Log=1/heurj120.txt
encoding rcpsp/j120.sm/j12010_2.sm nv: 3511512 nc: 7180501 enctime: 69.97
encoding rcpsp/j120.sm/j12010_2.sm nv: 363073 nc: 738373 enctime: 5.12
c File: j12010_2.smnaiveor1.wcnf
c timeout
c final solution cost: 61
c CPU time: 69.692824
s UNKNOWN

c File: j12010_2.smor1.wcnf
c timeout
c final solution cost: 60
c CPU time: 60.587595
s UNKNOWN


rcpsp/heur_output_or_constraints/Log=1/heurj120.txt
encoding rcpsp/j120.sm/j12010_3.sm nv: 3265200 nc: 6780879 enctime: 77.80
encoding rcpsp/j120.sm/j12010_3.sm nv: 408150 nc: 843129 enctime: 4.17
c File: j12010_3.smnaiveor1.wcnf
c timeout
c final solution cost: 83
c CPU time: 70.940287
s UNKNOWN

c File: j12010_3.smor1.wcnf
c timeout
c final solution cost: 83
c CPU time: 60.722001
s UNKNOWN


rcpsp/heur_output_or_constraints/Log=1/heurj120.txt
encoding rcpsp/j120.sm/j12010_4.sm nv: 3155200 nc: 6524587 enctime: 67.41
encoding rcpsp/j120.sm/j12010_4.sm nv: 366560 nc: 753785 enctime: 5.23
c File: j12010_4.smnaiveor1.wcnf
c timeout
c final solution cost: 73
c CPU time: 70.419204
s UNKNOWN

c File: j12010_4.smor1.wcnf
c timeout
c final solution cost: 74
c CPU time: 60.649282
s UNKNOWN


rcpsp/heur_output_or_constraints/Log=1/heurj120.txt
encoding rcpsp/j120.sm/j12010_5.sm nv: 3019914 nc: 6211928 enctime: 63.23
encoding rcpsp/j120.sm/j12010_5.sm nv: 354450 nc: 725336 enctime: 4.90
c File: j12010_5.smnaiveor1.wcnf
c timeout
c final solution cost: 65
c CPU time: 69.415083
s UNKNOWN

c File: j12010_5.smor1.wcnf
c timeout
c final solution cost: 67
c CPU time: 60.550131
s UNKNOWN


rcpsp/heur_output_or_constraints/Log=1/heurj120.txt
encoding rcpsp/j120.sm/j12010_6.sm nv: 3414048 nc: 6982239 enctime: 70.20
encoding rcpsp/j120.sm/j12010_6.sm nv: 343552 nc: 698819 enctime: 3.37
c File: j12010_6.smnaiveor1.wcnf
c timeout
c CPU time: 68.843146
s UNKNOWN

c File: j12010_6.smor1.wcnf
c timeout
c CPU time: 60.489574
s UNKNOWN


rcpsp/heur_output_or_constraints/Log=1/heurj120.txt
encoding rcpsp/j120.sm/j12010_7.sm nv: 3545389 nc: 7335121 enctime: 79.57
encoding rcpsp/j120.sm/j12010_7.sm nv: 364894 nc: 750316 enctime: 5.39
c File: j12010_7.smnaiveor1.wcnf
c timeout
c final solution cost: 68
c CPU time: 71.056446
s UNKNOWN

c File: j12010_7.smor1.wcnf
c timeout
c final solution cost: 69
c CPU time: 60.619810
s UNKNOWN


rcpsp/heur_output_or_constraints/Log=1/heurj120.txt
encoding rcpsp/j120.sm/j12010_8.sm nv: 2872000 nc: 6008167 enctime: 70.11
encoding rcpsp/j120.sm/j12010_8.sm nv: 368000 nc: 765417 enctime: 6.59
c File: j12010_8.smnaiveor1.wcnf
c timeout
c final solution cost: 90
c CPU time: 70.651568
s UNKNOWN

c File: j12010_8.smor1.wcnf
c timeout
c CPU time: 60.614420
s UNKNOWN


rcpsp/heur_output_or_constraints/Log=1/heurj120.txt
encoding rcpsp/j120.sm/j12010_9.sm nv: 3924848 nc: 8009929 enctime: 85.14
encoding rcpsp/j120.sm/j12010_9.sm nv: 341031 nc: 691946 enctime: 3.37
c File: j12010_9.smnaiveor1.wcnf
c timeout
c final solution cost: 53
c CPU time: 70.927655
s UNKNOWN

c File: j12010_9.smor1.wcnf
c timeout
c final solution cost: 53
c CPU time: 60.524307
s UNKNOWN


rcpsp/heur_output_or_constraints/Log=1/heurj120.txt
encoding rcpsp/j120.sm/j1201_10.sm nv: 592184 nc: 1398413 enctime: 28.86
encoding rcpsp/j120.sm/j1201_10.sm nv: 102133 nc: 237876 enctime: 1.99
c File: j1201_10.smnaiveor1.wcnf
c timeout
c final solution cost: 101
c CPU time: 66.315957
s UNKNOWN

c File: j1201_10.smor1.wcnf
c timeout
c final solution cost: 96
c CPU time: 60.290442
s UNKNOWN


rcpsp/heur_output_or_constraints/Log=1/heurj120.txt
encoding rcpsp/j120.sm/j12011_10.sm nv: 2672423 nc: 5571770 enctime: 64.39
encoding rcpsp/j120.sm/j12011_10.sm nv: 820729 nc: 1708082 enctime: 13.09
c File: j12011_10.smnaiveor1.wcnf
c timeout
c final solution cost: 470
c CPU time: 69.328780
s UNKNOWN

c File: j12011_10.smor1.wcnf
c timeout
c final solution cost: 187
c CPU time: 61.848557
s UNKNOWN


rcpsp/heur_output_or_constraints/Log=1/heurj120.txt
encoding rcpsp/j120.sm/j12011_1.sm nv: 2510478 nc: 5220594 enctime: 58.46
encoding rcpsp/j120.sm/j12011_1.sm nv: 757506 nc: 1572326 enctime: 11.53
c File: j12011_1.smnaiveor1.wcnf
c timeout
c final solution cost: 204
c CPU time: 68.830314
s UNKNOWN

c File: j12011_1.smor1.wcnf
c timeout
c CPU time: 61.310200
s UNKNOWN


rcpsp/heur_output_or_constraints/Log=1/heurj120.txt
encoding rcpsp/j120.sm/j12011_2.sm nv: 2314704 nc: 4784293 enctime: 50.37
encoding rcpsp/j120.sm/j12011_2.sm nv: 717120 nc: 1479652 enctime: 10.83
c File: j12011_2.smnaiveor1.wcnf
c timeout
c final solution cost: 203
c CPU time: 68.023828
s UNKNOWN

c File: j12011_2.smor1.wcnf
c timeout
c CPU time: 61.428049
s UNKNOWN


rcpsp/heur_output_or_constraints/Log=1/heurj120.txt
encoding rcpsp/j120.sm/j12011_3.sm nv: 2407912 nc: 5062613 enctime: 56.67
encoding rcpsp/j120.sm/j12011_3.sm nv: 801450 nc: 1681917 enctime: 13.24
c File: j12011_3.smnaiveor1.wcnf
c timeout
c final solution cost: 221
c CPU time: 69.342801
s UNKNOWN

c File: j12011_3.smor1.wcnf
c timeout
c CPU time: 61.617745
s UNKNOWN


rcpsp/heur_output_or_constraints/Log=1/heurj120.txt
encoding rcpsp/j120.sm/j12011_4.sm nv: 2485909 nc: 5207997 enctime: 62.77
encoding rcpsp/j120.sm/j12011_4.sm nv: 846029 nc: 1769397 enctime: 12.73
c File: j12011_4.smnaiveor1.wcnf
c timeout
c final solution cost: 559
c CPU time: 69.363903
s UNKNOWN

c File: j12011_4.smor1.wcnf
c timeout
c final solution cost: 198
c CPU time: 61.898940
s UNKNOWN


rcpsp/heur_output_or_constraints/Log=1/heurj120.txt
encoding rcpsp/j120.sm/j12011_5.sm nv: 2418372 nc: 5089129 enctime: 58.50
encoding rcpsp/j120.sm/j12011_5.sm nv: 822672 nc: 1728079 enctime: 11.07
c File: j12011_5.smnaiveor1.wcnf
c timeout
c final solution cost: 335
c CPU time: 69.196838
s UNKNOWN

c File: j12011_5.smor1.wcnf
c timeout
c CPU time: 61.561373
s UNKNOWN


rcpsp/heur_output_or_constraints/Log=1/heurj120.txt
encoding rcpsp/j120.sm/j12011_6.sm nv: 2476275 nc: 5208787 enctime: 57.84
encoding rcpsp/j120.sm/j12011_6.sm nv: 835065 nc: 1753393 enctime: 11.18
c File: j12011_6.smnaiveor1.wcnf
c timeout
c final solution cost: 228
c CPU time: 69.230116
s UNKNOWN

c File: j12011_6.smor1.wcnf
c timeout
c CPU time: 61.574361
s UNKNOWN


rcpsp/heur_output_or_constraints/Log=1/heurj120.txt
encoding rcpsp/j120.sm/j12011_7.sm nv: 2193558 nc: 4542355 enctime: 46.47
encoding rcpsp/j120.sm/j12011_7.sm nv: 663344 nc: 1371089 enctime: 8.45
c File: j12011_7.smnaiveor1.wcnf
c timeout
c final solution cost: 175
c CPU time: 67.574177
s UNKNOWN

c File: j12011_7.smor1.wcnf
c timeout
c CPU time: 61.126923
s UNKNOWN


rcpsp/heur_output_or_constraints/Log=1/heurj120.txt
encoding rcpsp/j120.sm/j12011_8.sm nv: 2820552 nc: 5856513 enctime: 59.73
encoding rcpsp/j120.sm/j12011_8.sm nv: 757050 nc: 1568760 enctime: 11.23
c File: j12011_8.smnaiveor1.wcnf
c timeout
c final solution cost: 167
c CPU time: 69.063730
s UNKNOWN

c File: j12011_8.smor1.wcnf
c timeout
c CPU time: 61.221353
s UNKNOWN


rcpsp/heur_output_or_constraints/Log=1/heurj120.txt
encoding rcpsp/j120.sm/j12011_9.sm nv: 2846514 nc: 5905504 enctime: 59.34
encoding rcpsp/j120.sm/j12011_9.sm nv: 842112 nc: 1744062 enctime: 12.14
c File: j12011_9.smnaiveor1.wcnf
c timeout
c CPU time: 68.347373
s UNKNOWN

c File: j12011_9.smor1.wcnf
c timeout
c CPU time: 61.391238
s UNKNOWN


rcpsp/heur_output_or_constraints/Log=1/heurj120.txt
encoding rcpsp/j120.sm/j1201_1.sm nv: 631928 nc: 1522343 enctime: 29.36
encoding rcpsp/j120.sm/j1201_1.sm nv: 109736 nc: 260471 enctime: 2.21
c File: j1201_1.smnaiveor1.wcnf
c timeout
c final solution cost: 104
c CPU time: 66.383392
s UNKNOWN

c File: j1201_1.smor1.wcnf
c timeout
c final solution cost: 103
c CPU time: 60.316596
s UNKNOWN


rcpsp/heur_output_or_constraints/Log=1/heurj120.txt
encoding rcpsp/j120.sm/j12012_10.sm nv: 4006515 nc: 8265359 enctime: 85.09
encoding rcpsp/j120.sm/j12012_10.sm nv: 875182 nc: 1801578 enctime: 13.86
c File: j12012_10.smnaiveor1.wcnf
c timeout
c final solution cost: 149
c CPU time: 72.202303
s UNKNOWN

c File: j12012_10.smor1.wcnf
c timeout
c CPU time: 61.378224
s UNKNOWN


rcpsp/heur_output_or_constraints/Log=1/heurj120.txt
encoding rcpsp/j120.sm/j12012_1.sm nv: 2932384 nc: 6033379 enctime: 61.42
encoding rcpsp/j120.sm/j12012_1.sm nv: 733096 nc: 1505299 enctime: 11.21
c File: j12012_1.smnaiveor1.wcnf
c timeout
c final solution cost: 142
c CPU time: 69.090706
s UNKNOWN

c File: j12012_1.smor1.wcnf
c timeout
c final solution cost: 144
c CPU time: 61.428941
s UNKNOWN


rcpsp/heur_output_or_constraints/Log=1/heurj120.txt
encoding rcpsp/j120.sm/j12012_2.sm nv: 3843988 nc: 7860955 enctime: 77.17
encoding rcpsp/j120.sm/j12012_2.sm nv: 771246 nc: 1573907 enctime: 10.25
c File: j12012_2.smnaiveor1.wcnf
c timeout
c final solution cost: 124
c CPU time: 70.800704
s UNKNOWN

c File: j12012_2.smor1.wcnf
c timeout
c CPU time: 61.162706
s UNKNOWN


rcpsp/heur_output_or_constraints/Log=1/heurj120.txt
encoding rcpsp/j120.sm/j12012_3.sm nv: 3431808 nc: 7062223 enctime: 71.94
encoding rcpsp/j120.sm/j12012_3.sm nv: 762624 nc: 1566103 enctime: 11.90
c File: j12012_3.smnaiveor1.wcnf
c timeout
c final solution cost: 563
c CPU time: 70.295994
s UNKNOWN

c File: j12012_3.smor1.wcnf
c timeout
c CPU time: 61.200597
s UNKNOWN


rcpsp/heur_output_or_constraints/Log=1/heurj120.txt
encoding rcpsp/j120.sm/j12012_4.sm nv: 3429594 nc: 7045475 enctime: 71.31
encoding rcpsp/j120.sm/j12012_4.sm nv: 742266 nc: 1521523 enctime: 10.07
c File: j12012_4.smnaiveor1.wcnf
c timeout
c final solution cost: 130
c CPU time: 70.351765
s UNKNOWN

c File: j12012_4.smor1.wcnf
c timeout
c CPU time: 61.159750
s UNKNOWN


rcpsp/heur_output_or_constraints/Log=1/heurj120.txt
encoding rcpsp/j120.sm/j12012_5.sm nv: 3537837 nc: 7364978 enctime: 82.07
encoding rcpsp/j120.sm/j12012_5.sm nv: 829863 nc: 1723598 enctime: 11.45
c File: j12012_5.smnaiveor1.wcnf
c timeout
c final solution cost: 194
c CPU time: 72.169050
s UNKNOWN

c File: j12012_5.smor1.wcnf
c timeout
c CPU time: 61.390830
s UNKNOWN


rcpsp/heur_output_or_constraints/Log=1/heurj120.txt
encoding rcpsp/j120.sm/j12012_6.sm nv: 3769155 nc: 7745866 enctime: 79.34
encoding rcpsp/j120.sm/j12012_6.sm nv: 750420 nc: 1538476 enctime: 10.18
c File: j12012_6.smnaiveor1.wcnf
c timeout
c final solution cost: 143
c CPU time: 71.397178
s UNKNOWN

c File: j12012_6.smor1.wcnf
c timeout
c CPU time: 61.149506
s UNKNOWN


rcpsp/heur_output_or_constraints/Log=1/heurj120.txt
encoding rcpsp/j120.sm/j12012_7.sm nv: 4223626 nc: 8672321 enctime: 87.96
encoding rcpsp/j120.sm/j12012_7.sm nv: 761739 nc: 1560164 enctime: 10.52
c File: j12012_7.smnaiveor1.wcnf
c timeout
c final solution cost: 122
c CPU time: 73.185394
s UNKNOWN

c File: j12012_7.smor1.wcnf
c timeout
c CPU time: 61.153051
s UNKNOWN


rcpsp/heur_output_or_constraints/Log=1/heurj120.txt
encoding rcpsp/j120.sm/j12012_8.sm nv: 4399440 nc: 9030037 enctime: 93.02
encoding rcpsp/j120.sm/j12012_8.sm nv: 816128 nc: 1671209 enctime: 11.76
c File: j12012_8.smnaiveor1.wcnf
c timeout
c final solution cost: 279
c CPU time: 72.617862
s UNKNOWN

c File: j12012_8.smor1.wcnf
c timeout
c CPU time: 61.254577
s UNKNOWN


rcpsp/heur_output_or_constraints/Log=1/heurj120.txt
encoding rcpsp/j120.sm/j12012_9.sm nv: 3724476 nc: 7603729 enctime: 77.13
encoding rcpsp/j120.sm/j12012_9.sm nv: 676060 nc: 1376945 enctime: 10.82
c File: j12012_9.smnaiveor1.wcnf
c timeout
c final solution cost: 253
c CPU time: 69.983260
s UNKNOWN

c File: j12012_9.smor1.wcnf
c timeout
c CPU time: 61.043233
s UNKNOWN


rcpsp/heur_output_or_constraints/Log=1/heurj120.txt
encoding rcpsp/j120.sm/j1201_2.sm nv: 610850 nc: 1449625 enctime: 32.79
encoding rcpsp/j120.sm/j1201_2.sm nv: 97850 nc: 228685 enctime: 2.27
c File: j1201_2.smnaiveor1.wcnf
c timeout
c final solution cost: 92
c CPU time: 66.934703
s UNKNOWN

c File: j1201_2.smor1.wcnf
c timeout
c final solution cost: 92
c CPU time: 60.289181
s UNKNOWN


rcpsp/heur_output_or_constraints/Log=1/heurj120.txt
encoding rcpsp/j120.sm/j12013_10.sm nv: 5502092 nc: 11215353 enctime: 116.55
encoding rcpsp/j120.sm/j12013_10.sm nv: 779198 nc: 1584237 enctime: 11.84
c File: j12013_10.smnaiveor1.wcnf
c timeout
c final solution cost: 97
c CPU time: 74.473377
s UNKNOWN

c File: j12013_10.smor1.wcnf
c timeout
c CPU time: 61.154025
s UNKNOWN


rcpsp/heur_output_or_constraints/Log=1/heurj120.txt
encoding rcpsp/j120.sm/j12013_1.sm nv: 4439227 nc: 9105901 enctime: 99.21
encoding rcpsp/j120.sm/j12013_1.sm nv: 824704 nc: 1687798 enctime: 12.06
c File: j12013_1.smnaiveor1.wcnf
c timeout
c final solution cost: 122
c CPU time: 74.472218
s UNKNOWN

c File: j12013_1.smor1.wcnf
c timeout
c CPU time: 61.449487
s UNKNOWN


rcpsp/heur_output_or_constraints/Log=1/heurj120.txt
encoding rcpsp/j120.sm/j12013_2.sm nv: 5654676 nc: 11462259 enctime: 112.77
encoding rcpsp/j120.sm/j12013_2.sm nv: 782408 nc: 1582367 enctime: 13.83
c File: j12013_2.smnaiveor1.wcnf
c timeout
c final solution cost: 224
c CPU time: 74.484259
s UNKNOWN

c File: j12013_2.smor1.wcnf
c timeout
c final solution cost: 84
c CPU time: 61.294638
s UNKNOWN


rcpsp/heur_output_or_constraints/Log=1/heurj120.txt
encoding rcpsp/j120.sm/j12013_3.sm nv: 4500287 nc: 9222484 enctime: 97.34
encoding rcpsp/j120.sm/j12013_3.sm nv: 823625 nc: 1683904 enctime: 13.68
c File: j12013_3.smnaiveor1.wcnf
c timeout
c final solution cost: 120
c CPU time: 72.925353
s UNKNOWN

c File: j12013_3.smor1.wcnf
c timeout
c final solution cost: 122
c CPU time: 61.481123
s UNKNOWN


rcpsp/heur_output_or_constraints/Log=1/heurj120.txt
encoding rcpsp/j120.sm/j12013_4.sm nv: 4717013 nc: 9645929 enctime: 101.99
encoding rcpsp/j120.sm/j12013_4.sm nv: 826693 nc: 1686649 enctime: 10.75
c File: j12013_4.smnaiveor1.wcnf
c timeout
c final solution cost: 175
c CPU time: 73.830305
s UNKNOWN

c File: j12013_4.smor1.wcnf
c timeout
c CPU time: 61.253934
s UNKNOWN


rcpsp/heur_output_or_constraints/Log=1/heurj120.txt
encoding rcpsp/j120.sm/j12013_5.sm nv: 5463843 nc: 11098565 enctime: 109.91
encoding rcpsp/j120.sm/j12013_5.sm nv: 805728 nc: 1633040 enctime: 12.04
c File: j12013_5.smnaiveor1.wcnf
c timeout
c final solution cost: 91
c CPU time: 73.578794
s UNKNOWN

c File: j12013_5.smor1.wcnf
c timeout
c final solution cost: 90
c CPU time: 61.362122
s UNKNOWN


rcpsp/heur_output_or_constraints/Log=1/heurj120.txt
encoding rcpsp/j120.sm/j12013_6.sm nv: 4497350 nc: 9159797 enctime: 95.81
encoding rcpsp/j120.sm/j12013_6.sm nv: 736450 nc: 1496503 enctime: 10.56
c File: j12013_6.smnaiveor1.wcnf
c timeout
c final solution cost: 103
c CPU time: 72.597014
s UNKNOWN

c File: j12013_6.smor1.wcnf
c timeout
c CPU time: 61.184237
s UNKNOWN


