rcpsp/heur_output_bi_constraints/Log=10/heurj60.txt
encoding rcpsp/j60.sm/j6013_7.sm nv: 1017920 nc: 2078736 enctime: 14.37
encoding rcpsp/j60.sm/j6013_7.sm nv: 327643 nc: 667585 enctime: 4.16
c File: j6013_7.smnaivebi10.wcnf
c timeout
c final solution cost: 90
c CPU time: 61.893936
s UNKNOWN

c File: j6013_7.smbi10.wcnf
c timeout
c final solution cost: 91
c CPU time: 60.519973
s UNKNOWN


rcpsp/heur_output_bi_constraints/Log=10/heurj60.txt
encoding rcpsp/j60.sm/j6013_8.sm nv: 912870 nc: 1887724 enctime: 13.52
encoding rcpsp/j60.sm/j6013_8.sm nv: 418068 nc: 863151 enctime: 5.19
c File: j6013_8.smnaivebi10.wcnf
c timeout
c final solution cost: 130
c CPU time: 61.837098
s UNKNOWN

c File: j6013_8.smbi10.wcnf
c timeout
c final solution cost: 130
c CPU time: 60.697743
s UNKNOWN


rcpsp/heur_output_bi_constraints/Log=10/heurj60.txt
encoding rcpsp/j60.sm/j6013_9.sm nv: 1068200 nc: 2194212 enctime: 15.13
encoding rcpsp/j60.sm/j6013_9.sm nv: 366240 nc: 750502 enctime: 4.54
c File: j6013_9.smnaivebi10.wcnf
c timeout
c final solution cost: 110
c CPU time: 62.142852
s UNKNOWN

c File: j6013_9.smbi10.wcnf
c timeout
c final solution cost: 106
c CPU time: 60.586360
s UNKNOWN


rcpsp/heur_output_bi_constraints/Log=10/heurj60.txt
encoding rcpsp/j60.sm/j601_3.sm nv: 117607 nc: 295809 enctime: 3.21
encoding rcpsp/j60.sm/j601_3.sm nv: 26341 nc: 64569 enctime: 0.42
c File: j601_3.smnaivebi10.wcnf
c optimal
c final solution cost: 61
c CPU time: 1.525134
s OPTIMUM FOUND

c File: j601_3.smbi10.wcnf
c optimal
c final solution cost: 61
c CPU time: 0.169680
s OPTIMUM FOUND


rcpsp/heur_output_bi_constraints/Log=10/heurj60.txt
encoding rcpsp/j60.sm/j6014_10.sm nv: 1792296 nc: 3637522 enctime: 24.69
encoding rcpsp/j60.sm/j6014_10.sm nv: 390258 nc: 789796 enctime: 4.44
c File: j6014_10.smnaivebi10.wcnf
c timeout
c final solution cost: 75
c CPU time: 63.081581
s UNKNOWN

c File: j6014_10.smbi10.wcnf
c timeout
c final solution cost: 72
c CPU time: 60.565822
s UNKNOWN


rcpsp/heur_output_bi_constraints/Log=10/heurj60.txt
encoding rcpsp/j60.sm/j6014_1.sm nv: 1890108 nc: 3805969 enctime: 25.18
encoding rcpsp/j60.sm/j6014_1.sm nv: 385968 nc: 775164 enctime: 5.17
c File: j6014_1.smnaivebi10.wcnf
c timeout
c final solution cost: 60
c CPU time: 63.084515
s UNKNOWN

c File: j6014_1.smbi10.wcnf
c timeout
c final solution cost: 60
c CPU time: 60.555309
s UNKNOWN


rcpsp/heur_output_bi_constraints/Log=10/heurj60.txt
encoding rcpsp/j60.sm/j6014_2.sm nv: 1766688 nc: 3562794 enctime: 24.54
encoding rcpsp/j60.sm/j6014_2.sm nv: 378576 nc: 761490 enctime: 4.49
c File: j6014_2.smnaivebi10.wcnf
c optimal
c final solution cost: 59
c CPU time: 29.797439
s OPTIMUM FOUND

c File: j6014_2.smbi10.wcnf
c optimal
c final solution cost: 59
c CPU time: 9.925503
s OPTIMUM FOUND


rcpsp/heur_output_bi_constraints/Log=10/heurj60.txt
encoding rcpsp/j60.sm/j6014_3.sm nv: 1549664 nc: 3122714 enctime: 21.55
encoding rcpsp/j60.sm/j6014_3.sm nv: 333472 nc: 670242 enctime: 3.91
c File: j6014_3.smnaivebi10.wcnf
c timeout
c final solution cost: 126
c CPU time: 62.618709
s UNKNOWN

c File: j6014_3.smbi10.wcnf
c optimal
c final solution cost: 61
c CPU time: 17.953867
s OPTIMUM FOUND


rcpsp/heur_output_bi_constraints/Log=10/heurj60.txt
encoding rcpsp/j60.sm/j6014_4.sm nv: 1708927 nc: 3454823 enctime: 24.40
encoding rcpsp/j60.sm/j6014_4.sm nv: 390467 nc: 787483 enctime: 4.65
c File: j6014_4.smnaivebi10.wcnf
c timeout
c final solution cost: 64
c CPU time: 62.907628
s UNKNOWN

c File: j6014_4.smbi10.wcnf
c timeout
c final solution cost: 63
c CPU time: 60.580471
s UNKNOWN


rcpsp/heur_output_bi_constraints/Log=10/heurj60.txt
encoding rcpsp/j60.sm/j6014_5.sm nv: 1606629 nc: 3232348 enctime: 22.83
encoding rcpsp/j60.sm/j6014_5.sm nv: 323379 nc: 648848 enctime: 3.95
c File: j6014_5.smnaivebi10.wcnf
c timeout
c final solution cost: 54
c CPU time: 62.711635
s UNKNOWN

c File: j6014_5.smbi10.wcnf
c timeout
c final solution cost: 54
c CPU time: 60.476593
s UNKNOWN


rcpsp/heur_output_bi_constraints/Log=10/heurj60.txt
encoding rcpsp/j60.sm/j6014_6.sm nv: 1610280 nc: 3243834 enctime: 22.25
encoding rcpsp/j60.sm/j6014_6.sm nv: 347616 nc: 698499 enctime: 4.77
c File: j6014_6.smnaivebi10.wcnf
c timeout
c final solution cost: 60
c CPU time: 62.724759
s UNKNOWN

c File: j6014_6.smbi10.wcnf
c timeout
c final solution cost: 60
c CPU time: 60.518023
s UNKNOWN


rcpsp/heur_output_bi_constraints/Log=10/heurj60.txt
encoding rcpsp/j60.sm/j6014_7.sm nv: 1460552 nc: 2949841 enctime: 20.29
encoding rcpsp/j60.sm/j6014_7.sm nv: 351272 nc: 707761 enctime: 4.72
c File: j6014_7.smnaivebi10.wcnf
c optimal
c final solution cost: 69
c CPU time: 4.062802
s OPTIMUM FOUND

c File: j6014_7.smbi10.wcnf
c optimal
c final solution cost: 69
c CPU time: 1.049379
s OPTIMUM FOUND


rcpsp/heur_output_bi_constraints/Log=10/heurj60.txt
encoding rcpsp/j60.sm/j6014_8.sm nv: 1281312 nc: 2584563 enctime: 17.97
encoding rcpsp/j60.sm/j6014_8.sm nv: 342573 nc: 689572 enctime: 4.03
c File: j6014_8.smnaivebi10.wcnf
c optimal
c final solution cost: 62
c CPU time: 10.031295
s OPTIMUM FOUND

c File: j6014_8.smbi10.wcnf
c optimal
c final solution cost: 62
c CPU time: 5.693605
s OPTIMUM FOUND


rcpsp/heur_output_bi_constraints/Log=10/heurj60.txt
encoding rcpsp/j60.sm/j6014_9.sm nv: 1557051 nc: 3135819 enctime: 21.68
encoding rcpsp/j60.sm/j6014_9.sm nv: 352730 nc: 708774 enctime: 4.23
c File: j6014_9.smnaivebi10.wcnf
c optimal
c final solution cost: 61
c CPU time: 4.412656
s OPTIMUM FOUND

c File: j6014_9.smbi10.wcnf
c optimal
c final solution cost: 61
c CPU time: 1.811300
s OPTIMUM FOUND


rcpsp/heur_output_bi_constraints/Log=10/heurj60.txt
encoding rcpsp/j60.sm/j601_4.sm nv: 124150 nc: 311984 enctime: 3.51
encoding rcpsp/j60.sm/j601_4.sm nv: 46222 nc: 114716 enctime: 0.79
c File: j601_4.smnaivebi10.wcnf
c optimal
c final solution cost: 86
c CPU time: 1.213270
s OPTIMUM FOUND

c File: j601_4.smbi10.wcnf
c optimal
c final solution cost: 86
c CPU time: 0.551727
s OPTIMUM FOUND


rcpsp/heur_output_bi_constraints/Log=10/heurj60.txt
encoding rcpsp/j60.sm/j6015_10.sm nv: 2039275 nc: 4083421 enctime: 27.91
encoding rcpsp/j60.sm/j6015_10.sm nv: 379400 nc: 758036 enctime: 4.60
c File: j6015_10.smnaivebi10.wcnf
c optimal
c final solution cost: 55
c CPU time: 4.862745
s OPTIMUM FOUND

c File: j6015_10.smbi10.wcnf
c optimal
c final solution cost: 55
c CPU time: 0.912931
s OPTIMUM FOUND


rcpsp/heur_output_bi_constraints/Log=10/heurj60.txt
encoding rcpsp/j60.sm/j6015_1.sm nv: 2067620 nc: 4157969 enctime: 28.82
encoding rcpsp/j60.sm/j6015_1.sm nv: 432040 nc: 866934 enctime: 5.97
c File: j6015_1.smnaivebi10.wcnf
c optimal
c final solution cost: 67
c CPU time: 4.716645
s OPTIMUM FOUND

c File: j6015_1.smbi10.wcnf
c optimal
c final solution cost: 67
c CPU time: 0.840889
s OPTIMUM FOUND


rcpsp/heur_output_bi_constraints/Log=10/heurj60.txt
encoding rcpsp/j60.sm/j6015_2.sm nv: 1727200 nc: 3489222 enctime: 24.61
encoding rcpsp/j60.sm/j6015_2.sm nv: 477520 nc: 962802 enctime: 5.54
c File: j6015_2.smnaivebi10.wcnf
c optimal
c final solution cost: 89
c CPU time: 4.789447
s OPTIMUM FOUND

c File: j6015_2.smbi10.wcnf
c optimal
c final solution cost: 89
c CPU time: 1.196492
s OPTIMUM FOUND


rcpsp/heur_output_bi_constraints/Log=10/heurj60.txt
encoding rcpsp/j60.sm/j6015_3.sm nv: 2432304 nc: 4878887 enctime: 33.62
encoding rcpsp/j60.sm/j6015_3.sm nv: 440944 nc: 882447 enctime: 5.40
c File: j6015_3.smnaivebi10.wcnf
c optimal
c final solution cost: 61
c CPU time: 5.420241
s OPTIMUM FOUND

c File: j6015_3.smbi10.wcnf
c optimal
c final solution cost: 61
c CPU time: 0.810454
s OPTIMUM FOUND


rcpsp/heur_output_bi_constraints/Log=10/heurj60.txt
encoding rcpsp/j60.sm/j6015_4.sm nv: 2218194 nc: 4472106 enctime: 31.60
encoding rcpsp/j60.sm/j6015_4.sm nv: 450756 nc: 906536 enctime: 6.50
c File: j6015_4.smnaivebi10.wcnf
c optimal
c final solution cost: 70
c CPU time: 14.361100
s OPTIMUM FOUND

c File: j6015_4.smbi10.wcnf
c optimal
c final solution cost: 70
c CPU time: 1.538159
s OPTIMUM FOUND


rcpsp/heur_output_bi_constraints/Log=10/heurj60.txt
encoding rcpsp/j60.sm/j6015_5.sm nv: 2133460 nc: 4292885 enctime: 30.04
encoding rcpsp/j60.sm/j6015_5.sm nv: 447840 nc: 899152 enctime: 6.40
c File: j6015_5.smnaivebi10.wcnf
c optimal
c final solution cost: 70
c CPU time: 5.863404
s OPTIMUM FOUND

c File: j6015_5.smbi10.wcnf
c optimal
c final solution cost: 70
c CPU time: 1.165996
s OPTIMUM FOUND


rcpsp/heur_output_bi_constraints/Log=10/heurj60.txt
encoding rcpsp/j60.sm/j6015_6.sm nv: 1857708 nc: 3740364 enctime: 26.24
encoding rcpsp/j60.sm/j6015_6.sm nv: 417150 nc: 838010 enctime: 5.77
c File: j6015_6.smnaivebi10.wcnf
c optimal
c final solution cost: 74
c CPU time: 5.023241
s OPTIMUM FOUND

c File: j6015_6.smbi10.wcnf
c optimal
c final solution cost: 74
c CPU time: 0.774797
s OPTIMUM FOUND


rcpsp/heur_output_bi_constraints/Log=10/heurj60.txt
encoding rcpsp/j60.sm/j6015_7.sm nv: 2288234 nc: 4586121 enctime: 32.26
encoding rcpsp/j60.sm/j6015_7.sm nv: 472719 nc: 945551 enctime: 5.79
c File: j6015_7.smnaivebi10.wcnf
c optimal
c final solution cost: 64
c CPU time: 6.043331
s OPTIMUM FOUND

c File: j6015_7.smbi10.wcnf
c optimal
c final solution cost: 64
c CPU time: 1.208442
s OPTIMUM FOUND


rcpsp/heur_output_bi_constraints/Log=10/heurj60.txt
encoding rcpsp/j60.sm/j6015_8.sm nv: 2220508 nc: 4475659 enctime: 32.35
encoding rcpsp/j60.sm/j6015_8.sm nv: 404844 nc: 813843 enctime: 5.16
c File: j6015_8.smnaivebi10.wcnf
c optimal
c final solution cost: 58
c CPU time: 21.158186
s OPTIMUM FOUND

c File: j6015_8.smbi10.wcnf
c optimal
c final solution cost: 58
c CPU time: 2.806923
s OPTIMUM FOUND


rcpsp/heur_output_bi_constraints/Log=10/heurj60.txt
encoding rcpsp/j60.sm/j6015_9.sm nv: 3013429 nc: 6033372 enctime: 43.07
encoding rcpsp/j60.sm/j6015_9.sm nv: 556570 nc: 1111929 enctime: 7.06
c File: j6015_9.smnaivebi10.wcnf
c optimal
c final solution cost: 69
c CPU time: 6.665929
s OPTIMUM FOUND

c File: j6015_9.smbi10.wcnf
c optimal
c final solution cost: 69
c CPU time: 1.005789
s OPTIMUM FOUND


rcpsp/heur_output_bi_constraints/Log=10/heurj60.txt
encoding rcpsp/j60.sm/j601_5.sm nv: 118656 nc: 292308 enctime: 3.28
encoding rcpsp/j60.sm/j601_5.sm nv: 29184 nc: 70259 enctime: 0.48
c File: j601_5.smnaivebi10.wcnf
c optimal
c final solution cost: 61
c CPU time: 1.317239
s OPTIMUM FOUND

c File: j601_5.smbi10.wcnf
c optimal
c final solution cost: 61
c CPU time: 0.200616
s OPTIMUM FOUND


rcpsp/heur_output_bi_constraints/Log=10/heurj60.txt
encoding rcpsp/j60.sm/j6016_10.sm nv: 2712843 nc: 5435202 enctime: 38.16
encoding rcpsp/j60.sm/j6016_10.sm nv: 509133 nc: 1017922 enctime: 6.35
c File: j6016_10.smnaivebi10.wcnf
c optimal
c final solution cost: 66
c CPU time: 7.160254
s OPTIMUM FOUND

c File: j6016_10.smbi10.wcnf
c optimal
c final solution cost: 66
c CPU time: 0.995661
s OPTIMUM FOUND


rcpsp/heur_output_bi_constraints/Log=10/heurj60.txt
encoding rcpsp/j60.sm/j6016_1.sm nv: 3239832 nc: 6484236 enctime: 45.83
encoding rcpsp/j60.sm/j6016_1.sm nv: 575380 nc: 1149312 enctime: 7.18
c File: j6016_1.smnaivebi10.wcnf
c optimal
c final solution cost: 58
c CPU time: 6.861654
s OPTIMUM FOUND

c File: j6016_1.smbi10.wcnf
c optimal
c final solution cost: 58
c CPU time: 1.183897
s OPTIMUM FOUND


rcpsp/heur_output_bi_constraints/Log=10/heurj60.txt
encoding rcpsp/j60.sm/j6016_2.sm nv: 3284064 nc: 6549623 enctime: 44.54
encoding rcpsp/j60.sm/j6016_2.sm nv: 635310 nc: 1265123 enctime: 9.00
c File: j6016_2.smnaivebi10.wcnf
c optimal
c final solution cost: 64
c CPU time: 6.694352
s OPTIMUM FOUND

c File: j6016_2.smbi10.wcnf
c optimal
c final solution cost: 64
c CPU time: 1.094753
s OPTIMUM FOUND


rcpsp/heur_output_bi_constraints/Log=10/heurj60.txt
encoding rcpsp/j60.sm/j6016_3.sm nv: 2856396 nc: 5692330 enctime: 38.56
encoding rcpsp/j60.sm/j6016_3.sm nv: 499176 nc: 992935 enctime: 6.09
c File: j6016_3.smnaivebi10.wcnf
c optimal
c final solution cost: 53
c CPU time: 6.093529
s OPTIMUM FOUND

c File: j6016_3.smbi10.wcnf
c optimal
c final solution cost: 53
c CPU time: 0.872876
s OPTIMUM FOUND


rcpsp/heur_output_bi_constraints/Log=10/heurj60.txt
encoding rcpsp/j60.sm/j6016_4.sm nv: 2570356 nc: 5133466 enctime: 35.11
encoding rcpsp/j60.sm/j6016_4.sm nv: 484508 nc: 965834 enctime: 5.99
c File: j6016_4.smnaivebi10.wcnf
c optimal
c final solution cost: 57
c CPU time: 5.286870
s OPTIMUM FOUND

c File: j6016_4.smbi10.wcnf
c optimal
c final solution cost: 57
c CPU time: 0.877326
s OPTIMUM FOUND


rcpsp/heur_output_bi_constraints/Log=10/heurj60.txt
encoding rcpsp/j60.sm/j6016_5.sm nv: 2998710 nc: 5981505 enctime: 40.35
encoding rcpsp/j60.sm/j6016_5.sm nv: 590655 nc: 1176260 enctime: 7.20
c File: j6016_5.smnaivebi10.wcnf
c optimal
c final solution cost: 63
c CPU time: 6.181704
s OPTIMUM FOUND

c File: j6016_5.smbi10.wcnf
c optimal
c final solution cost: 63
c CPU time: 1.118395
s OPTIMUM FOUND


rcpsp/heur_output_bi_constraints/Log=10/heurj60.txt
encoding rcpsp/j60.sm/j6016_6.sm nv: 2978536 nc: 5963356 enctime: 41.28
encoding rcpsp/j60.sm/j6016_6.sm nv: 575960 nc: 1150904 enctime: 7.01
c File: j6016_6.smnaivebi10.wcnf
c optimal
c final solution cost: 66
c CPU time: 6.262247
s OPTIMUM FOUND

c File: j6016_6.smbi10.wcnf
c optimal
c final solution cost: 66
c CPU time: 1.108063
s OPTIMUM FOUND


rcpsp/heur_output_bi_constraints/Log=10/heurj60.txt
encoding rcpsp/j60.sm/j6016_7.sm nv: 1893492 nc: 3795428 enctime: 25.83
encoding rcpsp/j60.sm/j6016_7.sm nv: 533736 nc: 1068426 enctime: 6.10
c File: j6016_7.smnaivebi10.wcnf
c optimal
c final solution cost: 79
c CPU time: 4.055738
s OPTIMUM FOUND

c File: j6016_7.smbi10.wcnf
c optimal
c final solution cost: 79
c CPU time: 1.046287
s OPTIMUM FOUND


rcpsp/heur_output_bi_constraints/Log=10/heurj60.txt
encoding rcpsp/j60.sm/j6016_8.sm nv: 2924757 nc: 5848060 enctime: 40.27
encoding rcpsp/j60.sm/j6016_8.sm nv: 566082 nc: 1129885 enctime: 6.94
c File: j6016_8.smnaivebi10.wcnf
c optimal
c final solution cost: 64
c CPU time: 6.566246
s OPTIMUM FOUND

c File: j6016_8.smbi10.wcnf
c optimal
c final solution cost: 64
c CPU time: 1.194533
s OPTIMUM FOUND


rcpsp/heur_output_bi_constraints/Log=10/heurj60.txt
encoding rcpsp/j60.sm/j6016_9.sm nv: 2741508 nc: 5467549 enctime: 37.23
encoding rcpsp/j60.sm/j6016_9.sm nv: 468270 nc: 932020 enctime: 5.79
c File: j6016_9.smnaivebi10.wcnf
c optimal
c final solution cost: 54
c CPU time: 5.855865
s OPTIMUM FOUND

c File: j6016_9.smbi10.wcnf
c optimal
c final solution cost: 54
c CPU time: 0.790545
s OPTIMUM FOUND


rcpsp/heur_output_bi_constraints/Log=10/heurj60.txt
encoding rcpsp/j60.sm/j601_6.sm nv: 107811 nc: 264692 enctime: 2.86
encoding rcpsp/j60.sm/j601_6.sm nv: 26136 nc: 62642 enctime: 0.42
c File: j601_6.smnaivebi10.wcnf
c optimal
c final solution cost: 66
c CPU time: 1.516539
s OPTIMUM FOUND

c File: j601_6.smbi10.wcnf
c optimal
c final solution cost: 66
c CPU time: 0.253190
s OPTIMUM FOUND


rcpsp/heur_output_bi_constraints/Log=10/heurj60.txt
encoding rcpsp/j60.sm/j6017_10.sm nv: 150745 nc: 393464 enctime: 4.93
encoding rcpsp/j60.sm/j6017_10.sm nv: 40887 nc: 104588 enctime: 0.71
c File: j6017_10.smnaivebi10.wcnf
c optimal
c final solution cost: 72
c CPU time: 2.497459
s OPTIMUM FOUND

c File: j6017_10.smbi10.wcnf
c optimal
c final solution cost: 72
c CPU time: 0.284457
s OPTIMUM FOUND


rcpsp/heur_output_bi_constraints/Log=10/heurj60.txt
encoding rcpsp/j60.sm/j6017_1.sm nv: 113982 nc: 291975 enctime: 3.57
encoding rcpsp/j60.sm/j6017_1.sm nv: 33759 nc: 84898 enctime: 0.59
c File: j6017_1.smnaivebi10.wcnf
c optimal
c final solution cost: 86
c CPU time: 1.495531
s OPTIMUM FOUND

c File: j6017_1.smbi10.wcnf
c optimal
c final solution cost: 86
c CPU time: 0.187318
s OPTIMUM FOUND


rcpsp/heur_output_bi_constraints/Log=10/heurj60.txt
encoding rcpsp/j60.sm/j6017_2.sm nv: 114138 nc: 289814 enctime: 3.43
encoding rcpsp/j60.sm/j6017_2.sm nv: 30213 nc: 75164 enctime: 0.51
c File: j6017_2.smnaivebi10.wcnf
c optimal
c final solution cost: 69
c CPU time: 2.133935
s OPTIMUM FOUND

c File: j6017_2.smbi10.wcnf
c optimal
c final solution cost: 69
c CPU time: 0.219530
s OPTIMUM FOUND


