rcpsp/heur_output_bi_constraints/Log=5/heurj90.txt
encoding rcpsp/j90.sm/j9028_2.sm nv: 4897061 nc: 9849892 enctime: 73.09
encoding rcpsp/j90.sm/j9028_2.sm nv: 783937 nc: 1573952 enctime: 10.02
c File: j9028_2.smnaivebi5.wcnf
c optimal
c final solution cost: 76
c CPU time: 11.434569
s OPTIMUM FOUND

c File: j9028_2.smbi5.wcnf
c optimal
c final solution cost: 76
c CPU time: 1.350905
s OPTIMUM FOUND


rcpsp/heur_output_bi_constraints/Log=5/heurj90.txt
encoding rcpsp/j90.sm/j9028_3.sm nv: 3910960 nc: 7917503 enctime: 61.45
encoding rcpsp/j90.sm/j9028_3.sm nv: 536180 nc: 1082343 enctime: 6.96
c File: j9028_3.smnaivebi5.wcnf
c optimal
c final solution cost: 55
c CPU time: 28.768978
s OPTIMUM FOUND

c File: j9028_3.smbi5.wcnf
c optimal
c final solution cost: 55
c CPU time: 3.367844
s OPTIMUM FOUND


rcpsp/heur_output_bi_constraints/Log=5/heurj90.txt
encoding rcpsp/j90.sm/j9028_4.sm nv: 4349682 nc: 8786362 enctime: 67.10
encoding rcpsp/j90.sm/j9028_4.sm nv: 729288 nc: 1470097 enctime: 9.23
c File: j9028_4.smnaivebi5.wcnf
c optimal
c final solution cost: 74
c CPU time: 10.547638
s OPTIMUM FOUND

c File: j9028_4.smbi5.wcnf
c optimal
c final solution cost: 74
c CPU time: 1.384591
s OPTIMUM FOUND


rcpsp/heur_output_bi_constraints/Log=5/heurj90.txt
encoding rcpsp/j90.sm/j9028_5.sm nv: 5231616 nc: 10529986 enctime: 79.82
encoding rcpsp/j90.sm/j9028_5.sm nv: 909402 nc: 1827184 enctime: 11.51
c File: j9028_5.smnaivebi5.wcnf
c optimal
c final solution cost: 78
c CPU time: 19.361225
s OPTIMUM FOUND

c File: j9028_5.smbi5.wcnf
c optimal
c final solution cost: 78
c CPU time: 2.451481
s OPTIMUM FOUND


rcpsp/heur_output_bi_constraints/Log=5/heurj90.txt
encoding rcpsp/j90.sm/j9028_6.sm nv: 4868916 nc: 9833878 enctime: 78.08
encoding rcpsp/j90.sm/j9028_6.sm nv: 948012 nc: 1911556 enctime: 12.03
c File: j9028_6.smnaivebi5.wcnf
c optimal
c final solution cost: 95
c CPU time: 11.930642
s OPTIMUM FOUND

c File: j9028_6.smbi5.wcnf
c optimal
c final solution cost: 95
c CPU time: 1.816198
s OPTIMUM FOUND


rcpsp/heur_output_bi_constraints/Log=5/heurj90.txt
encoding rcpsp/j90.sm/j9028_7.sm nv: 4199650 nc: 8481679 enctime: 66.46
encoding rcpsp/j90.sm/j9028_7.sm nv: 845000 nc: 1703698 enctime: 10.66
c File: j9028_7.smnaivebi5.wcnf
c optimal
c final solution cost: 76
c CPU time: 10.824756
s OPTIMUM FOUND

c File: j9028_7.smbi5.wcnf
c optimal
c final solution cost: 76
c CPU time: 1.828800
s OPTIMUM FOUND


rcpsp/heur_output_bi_constraints/Log=5/heurj90.txt
encoding rcpsp/j90.sm/j9028_8.sm nv: 3440880 nc: 6977901 enctime: 56.67
encoding rcpsp/j90.sm/j9028_8.sm nv: 615960 nc: 1246266 enctime: 8.02
c File: j9028_8.smnaivebi5.wcnf
c optimal
c final solution cost: 68
c CPU time: 12.031613
s OPTIMUM FOUND

c File: j9028_8.smbi5.wcnf
c optimal
c final solution cost: 68
c CPU time: 1.857873
s OPTIMUM FOUND


rcpsp/heur_output_bi_constraints/Log=5/heurj90.txt
encoding rcpsp/j90.sm/j9028_9.sm nv: 3884808 nc: 7841686 enctime: 62.18
encoding rcpsp/j90.sm/j9028_9.sm nv: 866040 nc: 1745590 enctime: 10.78
c File: j9028_9.smnaivebi5.wcnf
c optimal
c final solution cost: 87
c CPU time: 9.239181
s OPTIMUM FOUND

c File: j9028_9.smbi5.wcnf
c optimal
c final solution cost: 87
c CPU time: 1.715178
s OPTIMUM FOUND


rcpsp/heur_output_bi_constraints/Log=5/heurj90.txt
encoding rcpsp/j90.sm/j902_8.sm nv: 595595 nc: 1366121 enctime: 17.54
encoding rcpsp/j90.sm/j902_8.sm nv: 102765 nc: 232389 enctime: 1.67
c File: j902_8.smnaivebi5.wcnf
c optimal
c final solution cost: 72
c CPU time: 4.472965
s OPTIMUM FOUND

c File: j902_8.smbi5.wcnf
c optimal
c final solution cost: 72
c CPU time: 0.338814
s OPTIMUM FOUND


rcpsp/heur_output_bi_constraints/Log=5/heurj90.txt
encoding rcpsp/j90.sm/j9029_10.sm nv: 2752074 nc: 5645064 enctime: 47.46
encoding rcpsp/j90.sm/j9029_10.sm nv: 919215 nc: 1882949 enctime: 12.64
c File: j9029_10.smnaivebi5.wcnf
c timeout
c final solution cost: 133
c CPU time: 66.040139
s UNKNOWN

c File: j9029_10.smbi5.wcnf
c timeout
c final solution cost: 131
c CPU time: 61.515133
s UNKNOWN


rcpsp/heur_output_bi_constraints/Log=5/heurj90.txt
encoding rcpsp/j90.sm/j9029_1.sm nv: 2155964 nc: 4423392 enctime: 36.52
encoding rcpsp/j90.sm/j9029_1.sm nv: 841116 nc: 1723792 enctime: 11.25
c File: j9029_1.smnaivebi5.wcnf
c timeout
c final solution cost: 150
c CPU time: 64.918134
s UNKNOWN

c File: j9029_1.smbi5.wcnf
c timeout
c final solution cost: 144
c CPU time: 61.451924
s UNKNOWN


rcpsp/heur_output_bi_constraints/Log=5/heurj90.txt
encoding rcpsp/j90.sm/j9029_2.sm nv: 2714608 nc: 5569911 enctime: 46.53
encoding rcpsp/j90.sm/j9029_2.sm nv: 842842 nc: 1726857 enctime: 10.17
c File: j9029_2.smnaivebi5.wcnf
c timeout
c final solution cost: 137
c CPU time: 66.001333
s UNKNOWN

c File: j9029_2.smbi5.wcnf
c timeout
c final solution cost: 133
c CPU time: 61.405306
s UNKNOWN


rcpsp/heur_output_bi_constraints/Log=5/heurj90.txt
encoding rcpsp/j90.sm/j9029_3.sm nv: 2262330 nc: 4667058 enctime: 39.61
encoding rcpsp/j90.sm/j9029_3.sm nv: 821826 nc: 1693074 enctime: 11.08
c File: j9029_3.smnaivebi5.wcnf
c timeout
c final solution cost: 159
c CPU time: 65.388020
s UNKNOWN

c File: j9029_3.smbi5.wcnf
c timeout
c final solution cost: 157
c CPU time: 61.454279
s UNKNOWN


rcpsp/heur_output_bi_constraints/Log=5/heurj90.txt
encoding rcpsp/j90.sm/j9029_4.sm nv: 2232321 nc: 4601580 enctime: 39.36
encoding rcpsp/j90.sm/j9029_4.sm nv: 937482 nc: 1930434 enctime: 12.62
c File: j9029_4.smnaivebi5.wcnf
c timeout
c final solution cost: 191
c CPU time: 65.407516
s UNKNOWN

c File: j9029_4.smbi5.wcnf
c timeout
c final solution cost: 171
c CPU time: 61.686499
s UNKNOWN


rcpsp/heur_output_bi_constraints/Log=5/heurj90.txt
encoding rcpsp/j90.sm/j9029_5.sm nv: 2860656 nc: 5854043 enctime: 48.14
encoding rcpsp/j90.sm/j9029_5.sm nv: 861714 nc: 1761020 enctime: 11.95
c File: j9029_5.smnaivebi5.wcnf
c timeout
c final solution cost: 136
c CPU time: 66.273687
s UNKNOWN

c File: j9029_5.smbi5.wcnf
c timeout
c final solution cost: 130
c CPU time: 61.430539
s UNKNOWN


rcpsp/heur_output_bi_constraints/Log=5/heurj90.txt
encoding rcpsp/j90.sm/j9029_6.sm nv: 2947276 nc: 6049507 enctime: 50.68
encoding rcpsp/j90.sm/j9029_6.sm nv: 865834 nc: 1774456 enctime: 11.92
c File: j9029_6.smnaivebi5.wcnf
c timeout
c final solution cost: 297
c CPU time: 66.467520
s UNKNOWN

c File: j9029_6.smbi5.wcnf
c timeout
c final solution cost: 133
c CPU time: 61.458769
s UNKNOWN


rcpsp/heur_output_bi_constraints/Log=5/heurj90.txt
encoding rcpsp/j90.sm/j9029_7.sm nv: 2282480 nc: 4731526 enctime: 41.48
encoding rcpsp/j90.sm/j9029_7.sm nv: 881968 nc: 1825906 enctime: 11.98
c File: j9029_7.smnaivebi5.wcnf
c timeout
c final solution cost: 427
c CPU time: 65.958464
s UNKNOWN

c File: j9029_7.smbi5.wcnf
c timeout
c final solution cost: 187
c CPU time: 61.655983
s UNKNOWN


rcpsp/heur_output_bi_constraints/Log=5/heurj90.txt
encoding rcpsp/j90.sm/j9029_8.sm nv: 2550295 nc: 5269014 enctime: 45.72
encoding rcpsp/j90.sm/j9029_8.sm nv: 885995 nc: 1827874 enctime: 12.26
c File: j9029_8.smnaivebi5.wcnf
c timeout
c final solution cost: 173
c CPU time: 66.144588
s UNKNOWN

c File: j9029_8.smbi5.wcnf
c timeout
c final solution cost: 167
c CPU time: 61.602614
s UNKNOWN


rcpsp/heur_output_bi_constraints/Log=5/heurj90.txt
encoding rcpsp/j90.sm/j9029_9.sm nv: 2451400 nc: 5030327 enctime: 42.75
encoding rcpsp/j90.sm/j9029_9.sm nv: 803400 nc: 1646327 enctime: 11.08
c File: j9029_9.smnaivebi5.wcnf
c timeout
c final solution cost: 140
c CPU time: 65.470485
s UNKNOWN

c File: j9029_9.smbi5.wcnf
c timeout
c final solution cost: 140
c CPU time: 61.386068
s UNKNOWN


rcpsp/heur_output_bi_constraints/Log=5/heurj90.txt
encoding rcpsp/j90.sm/j902_9.sm nv: 523640 nc: 1210372 enctime: 16.17
encoding rcpsp/j90.sm/j902_9.sm nv: 85595 nc: 194647 enctime: 0.94
c File: j902_9.smnaivebi5.wcnf
c optimal
c final solution cost: 79
c CPU time: 3.882649
s OPTIMUM FOUND

c File: j902_9.smbi5.wcnf
c optimal
c final solution cost: 79
c CPU time: 0.256838
s OPTIMUM FOUND


rcpsp/heur_output_bi_constraints/Log=5/heurj90.txt
encoding rcpsp/j90.sm/j9030_10.sm nv: 4127040 nc: 8360424 enctime: 64.95
encoding rcpsp/j90.sm/j9030_10.sm nv: 894192 nc: 1808624 enctime: 11.09
c File: j9030_10.smnaivebi5.wcnf
c timeout
c final solution cost: 87
c CPU time: 67.594265
s UNKNOWN

c File: j9030_10.smbi5.wcnf
c timeout
c final solution cost: 86
c CPU time: 61.338534
s UNKNOWN


rcpsp/heur_output_bi_constraints/Log=5/heurj90.txt
encoding rcpsp/j90.sm/j9030_1.sm nv: 4783047 nc: 9673970 enctime: 75.99
encoding rcpsp/j90.sm/j9030_1.sm nv: 1002435 nc: 2024438 enctime: 12.77
c File: j9030_1.smnaivebi5.wcnf
c optimal
c final solution cost: 86
c CPU time: 27.518075
s OPTIMUM FOUND

c File: j9030_1.smbi5.wcnf
c optimal
c final solution cost: 86
c CPU time: 3.057518
s OPTIMUM FOUND


rcpsp/heur_output_bi_constraints/Log=5/heurj90.txt
encoding rcpsp/j90.sm/j9030_2.sm nv: 4602988 nc: 9272778 enctime: 70.10
encoding rcpsp/j90.sm/j9030_2.sm nv: 812292 nc: 1633874 enctime: 10.39
c File: j9030_2.smnaivebi5.wcnf
c timeout
c final solution cost: 68
c CPU time: 68.300683
s UNKNOWN

c File: j9030_2.smbi5.wcnf
c timeout
c final solution cost: 68
c CPU time: 61.200854
s UNKNOWN


rcpsp/heur_output_bi_constraints/Log=5/heurj90.txt
encoding rcpsp/j90.sm/j9030_3.sm nv: 3649828 nc: 7409165 enctime: 59.18
encoding rcpsp/j90.sm/j9030_3.sm nv: 796740 nc: 1614629 enctime: 9.95
c File: j9030_3.smnaivebi5.wcnf
c timeout
c final solution cost: 95
c CPU time: 67.041027
s UNKNOWN

c File: j9030_3.smbi5.wcnf
c timeout
c final solution cost: 93
c CPU time: 61.235963
s UNKNOWN


rcpsp/heur_output_bi_constraints/Log=5/heurj90.txt
encoding rcpsp/j90.sm/j9030_4.sm nv: 4471704 nc: 9075413 enctime: 72.07
encoding rcpsp/j90.sm/j9030_4.sm nv: 870216 nc: 1762921 enctime: 10.97
c File: j9030_4.smnaivebi5.wcnf
c timeout
c final solution cost: 92
c CPU time: 68.834498
s UNKNOWN

c File: j9030_4.smbi5.wcnf
c timeout
c final solution cost: 91
c CPU time: 61.321741
s UNKNOWN


rcpsp/heur_output_bi_constraints/Log=5/heurj90.txt
encoding rcpsp/j90.sm/j9030_5.sm nv: 3638880 nc: 7368935 enctime: 56.94
encoding rcpsp/j90.sm/j9030_5.sm nv: 790020 nc: 1597316 enctime: 9.89
c File: j9030_5.smnaivebi5.wcnf
c timeout
c final solution cost: 356
c CPU time: 66.931000
s UNKNOWN

c File: j9030_5.smbi5.wcnf
c timeout
c final solution cost: 86
c CPU time: 61.234353
s UNKNOWN


rcpsp/heur_output_bi_constraints/Log=5/heurj90.txt
encoding rcpsp/j90.sm/j9030_6.sm nv: 5374656 nc: 10858996 enctime: 83.79
encoding rcpsp/j90.sm/j9030_6.sm nv: 958272 nc: 1932948 enctime: 12.33
c File: j9030_6.smnaivebi5.wcnf
c timeout
c final solution cost: 250
c CPU time: 70.032639
s UNKNOWN

c File: j9030_6.smbi5.wcnf
c optimal
c final solution cost: 78
c CPU time: 7.152028
s OPTIMUM FOUND


rcpsp/heur_output_bi_constraints/Log=5/heurj90.txt
encoding rcpsp/j90.sm/j9030_7.sm nv: 4744720 nc: 9606547 enctime: 77.48
encoding rcpsp/j90.sm/j9030_7.sm nv: 887300 nc: 1793413 enctime: 11.57
c File: j9030_7.smnaivebi5.wcnf
c optimal
c final solution cost: 84
c CPU time: 48.117466
s OPTIMUM FOUND

c File: j9030_7.smbi5.wcnf
c optimal
c final solution cost: 84
c CPU time: 17.519863
s OPTIMUM FOUND


rcpsp/heur_output_bi_constraints/Log=5/heurj90.txt
encoding rcpsp/j90.sm/j9030_8.sm nv: 5844708 nc: 11814622 enctime: 92.89
encoding rcpsp/j90.sm/j9030_8.sm nv: 936024 nc: 1888563 enctime: 12.43
c File: j9030_8.smnaivebi5.wcnf
c timeout
c final solution cost: 73
c CPU time: 70.599538
s UNKNOWN

c File: j9030_8.smbi5.wcnf
c timeout
c final solution cost: 73
c CPU time: 61.304817
s UNKNOWN


rcpsp/heur_output_bi_constraints/Log=5/heurj90.txt
encoding rcpsp/j90.sm/j9030_9.sm nv: 4624081 nc: 9396010 enctime: 71.51
encoding rcpsp/j90.sm/j9030_9.sm nv: 935111 nc: 1896810 enctime: 11.34
c File: j9030_9.smnaivebi5.wcnf
c timeout
c final solution cost: 97
c CPU time: 69.075070
s UNKNOWN

c File: j9030_9.smbi5.wcnf
c timeout
c final solution cost: 97
c CPU time: 61.365229
s UNKNOWN


rcpsp/heur_output_bi_constraints/Log=5/heurj90.txt
encoding rcpsp/j90.sm/j903_10.sm nv: 563992 nc: 1259656 enctime: 14.37
encoding rcpsp/j90.sm/j903_10.sm nv: 70928 nc: 155434 enctime: 1.11
c File: j903_10.smnaivebi5.wcnf
c optimal
c final solution cost: 61
c CPU time: 3.169081
s OPTIMUM FOUND

c File: j903_10.smbi5.wcnf
c optimal
c final solution cost: 61
c CPU time: 0.141950
s OPTIMUM FOUND


rcpsp/heur_output_bi_constraints/Log=5/heurj90.txt
encoding rcpsp/j90.sm/j9031_10.sm nv: 5031180 nc: 10150640 enctime: 71.70
encoding rcpsp/j90.sm/j9031_10.sm nv: 1070685 nc: 2157260 enctime: 12.40
c File: j9031_10.smnaivebi5.wcnf
c optimal
c final solution cost: 99
c CPU time: 15.236131
s OPTIMUM FOUND

c File: j9031_10.smbi5.wcnf
c optimal
c final solution cost: 99
c CPU time: 2.839239
s OPTIMUM FOUND


rcpsp/heur_output_bi_constraints/Log=5/heurj90.txt
encoding rcpsp/j90.sm/j9031_1.sm nv: 5749904 nc: 11563822 enctime: 80.81
encoding rcpsp/j90.sm/j9031_1.sm nv: 1059834 nc: 2128627 enctime: 12.62
c File: j9031_1.smnaivebi5.wcnf
c optimal
c final solution cost: 78
c CPU time: 14.656801
s OPTIMUM FOUND

c File: j9031_1.smbi5.wcnf
c optimal
c final solution cost: 78
c CPU time: 2.517033
s OPTIMUM FOUND


rcpsp/heur_output_bi_constraints/Log=5/heurj90.txt
encoding rcpsp/j90.sm/j9031_2.sm nv: 5726880 nc: 11527134 enctime: 80.90
encoding rcpsp/j90.sm/j9031_2.sm nv: 882894 nc: 1774202 enctime: 10.93
c File: j9031_2.smnaivebi5.wcnf
c optimal
c final solution cost: 69
c CPU time: 15.980130
s OPTIMUM FOUND

c File: j9031_2.smbi5.wcnf
c optimal
c final solution cost: 69
c CPU time: 2.360596
s OPTIMUM FOUND


rcpsp/heur_output_bi_constraints/Log=5/heurj90.txt
encoding rcpsp/j90.sm/j9031_3.sm nv: 5532880 nc: 11146057 enctime: 75.50
encoding rcpsp/j90.sm/j9031_3.sm nv: 1220656 nc: 2456215 enctime: 13.88
c File: j9031_3.smnaivebi5.wcnf
c optimal
c final solution cost: 83
c CPU time: 15.757885
s OPTIMUM FOUND

c File: j9031_3.smbi5.wcnf
c optimal
c final solution cost: 83
c CPU time: 2.845494
s OPTIMUM FOUND


rcpsp/heur_output_bi_constraints/Log=5/heurj90.txt
encoding rcpsp/j90.sm/j9031_4.sm nv: 6604207 nc: 13273077 enctime: 88.36
encoding rcpsp/j90.sm/j9031_4.sm nv: 989953 nc: 1986609 enctime: 11.67
c File: j9031_4.smnaivebi5.wcnf
c optimal
c final solution cost: 70
c CPU time: 16.815592
s OPTIMUM FOUND

c File: j9031_4.smbi5.wcnf
c optimal
c final solution cost: 70
c CPU time: 2.341235
s OPTIMUM FOUND


rcpsp/heur_output_bi_constraints/Log=5/heurj90.txt
encoding rcpsp/j90.sm/j9031_5.sm nv: 6355620 nc: 12798652 enctime: 85.07
encoding rcpsp/j90.sm/j9031_5.sm nv: 1084194 nc: 2180083 enctime: 12.38
c File: j9031_5.smnaivebi5.wcnf
c optimal
c final solution cost: 79
c CPU time: 16.137456
s OPTIMUM FOUND

c File: j9031_5.smbi5.wcnf
c optimal
c final solution cost: 79
c CPU time: 2.431920
s OPTIMUM FOUND


rcpsp/heur_output_bi_constraints/Log=5/heurj90.txt
encoding rcpsp/j90.sm/j9031_6.sm nv: 5538500 nc: 11147129 enctime: 75.98
encoding rcpsp/j90.sm/j9031_6.sm nv: 1026080 nc: 2062304 enctime: 11.78
c File: j9031_6.smnaivebi5.wcnf
c optimal
c final solution cost: 71
c CPU time: 15.319169
s OPTIMUM FOUND

c File: j9031_6.smbi5.wcnf
c optimal
c final solution cost: 71
c CPU time: 2.634697
s OPTIMUM FOUND


rcpsp/heur_output_bi_constraints/Log=5/heurj90.txt
encoding rcpsp/j90.sm/j9031_7.sm nv: 6962956 nc: 14008829 enctime: 93.21
encoding rcpsp/j90.sm/j9031_7.sm nv: 1158248 nc: 2327005 enctime: 13.83
c File: j9031_7.smnaivebi5.wcnf
c optimal
c final solution cost: 77
c CPU time: 19.191951
s OPTIMUM FOUND

c File: j9031_7.smbi5.wcnf
c optimal
c final solution cost: 77
c CPU time: 3.915930
s OPTIMUM FOUND


rcpsp/heur_output_bi_constraints/Log=5/heurj90.txt
encoding rcpsp/j90.sm/j9031_8.sm nv: 5695332 nc: 11455583 enctime: 76.01
encoding rcpsp/j90.sm/j9031_8.sm nv: 967360 nc: 1942944 enctime: 11.07
c File: j9031_8.smnaivebi5.wcnf
c optimal
c final solution cost: 79
c CPU time: 14.880202
s OPTIMUM FOUND

c File: j9031_8.smbi5.wcnf
c optimal
c final solution cost: 79
c CPU time: 1.726592
s OPTIMUM FOUND


