rcpsp/heur_output_or_constraints/Log=2/heurj60.txt
encoding rcpsp/j60.sm/j6013_7.sm nv: 1017920 nc: 2074918 enctime: 14.82
encoding rcpsp/j60.sm/j6013_7.sm nv: 305376 nc: 620934 enctime: 3.48
c File: j6013_7.smnaiveor2.wcnf
c timeout
c final solution cost: 95
c CPU time: 61.968373
s UNKNOWN

c File: j6013_7.smor2.wcnf
c timeout
c final solution cost: 93
c CPU time: 60.514319
s UNKNOWN


rcpsp/heur_output_or_constraints/Log=2/heurj60.txt
encoding rcpsp/j60.sm/j6013_8.sm nv: 912870 nc: 1881937 enctime: 13.98
encoding rcpsp/j60.sm/j6013_8.sm nv: 357210 nc: 734917 enctime: 4.09
c File: j6013_8.smnaiveor2.wcnf
c timeout
c final solution cost: 124
c CPU time: 61.927021
s UNKNOWN

c File: j6013_8.smor2.wcnf
c timeout
c final solution cost: 122
c CPU time: 60.639795
s UNKNOWN


rcpsp/heur_output_or_constraints/Log=2/heurj60.txt
encoding rcpsp/j60.sm/j6013_9.sm nv: 1068200 nc: 2188005 enctime: 16.00
encoding rcpsp/j60.sm/j6013_9.sm nv: 360136 nc: 735917 enctime: 4.14
c File: j6013_9.smnaiveor2.wcnf
c timeout
c final solution cost: 105
c CPU time: 62.218920
s UNKNOWN

c File: j6013_9.smor2.wcnf
c timeout
c final solution cost: 100
c CPU time: 60.585796
s UNKNOWN


rcpsp/heur_output_or_constraints/Log=2/heurj60.txt
encoding rcpsp/j60.sm/j601_3.sm nv: 117607 nc: 290769 enctime: 3.39
encoding rcpsp/j60.sm/j601_3.sm nv: 23002 nc: 55149 enctime: 0.38
c File: j601_3.smnaiveor2.wcnf
c optimal
c final solution cost: 48
c CPU time: 1.581459
s OPTIMUM FOUND

c File: j601_3.smor2.wcnf
c optimal
c final solution cost: 48
c CPU time: 0.088586
s OPTIMUM FOUND


rcpsp/heur_output_or_constraints/Log=2/heurj60.txt
encoding rcpsp/j60.sm/j6014_10.sm nv: 1792296 nc: 3632013 enctime: 25.71
encoding rcpsp/j60.sm/j6014_10.sm nv: 356532 nc: 720255 enctime: 4.20
c File: j6014_10.smnaiveor2.wcnf
c timeout
c final solution cost: 68
c CPU time: 63.225583
s UNKNOWN

c File: j6014_10.smor2.wcnf
c timeout
c final solution cost: 68
c CPU time: 60.538965
s UNKNOWN


rcpsp/heur_output_or_constraints/Log=2/heurj60.txt
encoding rcpsp/j60.sm/j6014_1.sm nv: 1890108 nc: 3801351 enctime: 26.46
encoding rcpsp/j60.sm/j6014_1.sm nv: 368940 nc: 739987 enctime: 4.48
c File: j6014_1.smnaiveor2.wcnf
c timeout
c CPU time: 62.829559
s UNKNOWN

c File: j6014_1.smor2.wcnf
c timeout
c final solution cost: 56
c CPU time: 60.533265
s UNKNOWN


rcpsp/heur_output_or_constraints/Log=2/heurj60.txt
encoding rcpsp/j60.sm/j6014_2.sm nv: 1766688 nc: 3558455 enctime: 24.57
encoding rcpsp/j60.sm/j6014_2.sm nv: 341770 nc: 686397 enctime: 4.01
c File: j6014_2.smnaiveor2.wcnf
c timeout
c final solution cost: 59
c CPU time: 62.978148
s UNKNOWN

c File: j6014_2.smor2.wcnf
c timeout
c final solution cost: 60
c CPU time: 60.500783
s UNKNOWN


rcpsp/heur_output_or_constraints/Log=2/heurj60.txt
encoding rcpsp/j60.sm/j6014_3.sm nv: 1549664 nc: 3118960 enctime: 21.23
encoding rcpsp/j60.sm/j6014_3.sm nv: 313856 nc: 629956 enctime: 3.63
c File: j6014_3.smnaiveor2.wcnf
c timeout
c final solution cost: 57
c CPU time: 62.600645
s UNKNOWN

c File: j6014_3.smor2.wcnf
c timeout
c final solution cost: 58
c CPU time: 60.456973
s UNKNOWN


rcpsp/heur_output_or_constraints/Log=2/heurj60.txt
encoding rcpsp/j60.sm/j6014_4.sm nv: 1708927 nc: 3450471 enctime: 23.66
encoding rcpsp/j60.sm/j6014_4.sm nv: 339757 nc: 684051 enctime: 3.95
c File: j6014_4.smnaiveor2.wcnf
c optimal
c final solution cost: 62
c CPU time: 14.832924
s OPTIMUM FOUND

c File: j6014_4.smor2.wcnf
c optimal
c final solution cost: 62
c CPU time: 6.070858
s OPTIMUM FOUND


rcpsp/heur_output_or_constraints/Log=2/heurj60.txt
encoding rcpsp/j60.sm/j6014_5.sm nv: 1606629 nc: 3227718 enctime: 21.85
encoding rcpsp/j60.sm/j6014_5.sm nv: 307980 nc: 617011 enctime: 3.58
c File: j6014_5.smnaiveor2.wcnf
c timeout
c final solution cost: 55
c CPU time: 62.675039
s UNKNOWN

c File: j6014_5.smor2.wcnf
c timeout
c final solution cost: 56
c CPU time: 60.449647
s UNKNOWN


rcpsp/heur_output_or_constraints/Log=2/heurj60.txt
encoding rcpsp/j60.sm/j6014_6.sm nv: 1610280 nc: 3238224 enctime: 21.28
encoding rcpsp/j60.sm/j6014_6.sm nv: 332280 nc: 666474 enctime: 4.30
c File: j6014_6.smnaiveor2.wcnf
c timeout
c final solution cost: 59
c CPU time: 62.700455
s UNKNOWN

c File: j6014_6.smor2.wcnf
c timeout
c final solution cost: 58
c CPU time: 60.485563
s UNKNOWN


rcpsp/heur_output_or_constraints/Log=2/heurj60.txt
encoding rcpsp/j60.sm/j6014_7.sm nv: 1460552 nc: 2945142 enctime: 19.59
encoding rcpsp/j60.sm/j6014_7.sm nv: 314296 nc: 632046 enctime: 3.56
c File: j6014_7.smnaiveor2.wcnf
c timeout
c final solution cost: 61
c CPU time: 62.465366
s UNKNOWN

c File: j6014_7.smor2.wcnf
c timeout
c final solution cost: 61
c CPU time: 60.456522
s UNKNOWN


rcpsp/heur_output_or_constraints/Log=2/heurj60.txt
encoding rcpsp/j60.sm/j6014_8.sm nv: 1281312 nc: 2580569 enctime: 17.27
encoding rcpsp/j60.sm/j6014_8.sm nv: 306981 nc: 616796 enctime: 3.45
c File: j6014_8.smnaiveor2.wcnf
c optimal
c final solution cost: 65
c CPU time: 9.284713
s OPTIMUM FOUND

c File: j6014_8.smor2.wcnf
c optimal
c final solution cost: 65
c CPU time: 1.134480
s OPTIMUM FOUND


rcpsp/heur_output_or_constraints/Log=2/heurj60.txt
encoding rcpsp/j60.sm/j6014_9.sm nv: 1557051 nc: 3131533 enctime: 20.78
encoding rcpsp/j60.sm/j6014_9.sm nv: 292262 nc: 586142 enctime: 3.35
c File: j6014_9.smnaiveor2.wcnf
c timeout
c final solution cost: 53
c CPU time: 62.549820
s UNKNOWN

c File: j6014_9.smor2.wcnf
c timeout
c final solution cost: 54
c CPU time: 60.432483
s UNKNOWN


rcpsp/heur_output_or_constraints/Log=2/heurj60.txt
encoding rcpsp/j60.sm/j601_4.sm nv: 124150 nc: 307163 enctime: 3.44
encoding rcpsp/j60.sm/j601_4.sm nv: 29032 nc: 70115 enctime: 0.45
c File: j601_4.smnaiveor2.wcnf
c optimal
c final solution cost: 67
c CPU time: 36.611456
s OPTIMUM FOUND

c File: j601_4.smor2.wcnf
c optimal
c final solution cost: 67
c CPU time: 32.072200
s OPTIMUM FOUND


rcpsp/heur_output_or_constraints/Log=2/heurj60.txt
encoding rcpsp/j60.sm/j6015_10.sm nv: 2039275 nc: 4078969 enctime: 26.06
encoding rcpsp/j60.sm/j6015_10.sm nv: 325200 nc: 648795 enctime: 3.79
c File: j6015_10.smnaiveor2.wcnf
c optimal
c final solution cost: 40
c CPU time: 7.702970
s OPTIMUM FOUND

c File: j6015_10.smor2.wcnf
c optimal
c final solution cost: 40
c CPU time: 2.878138
s OPTIMUM FOUND


rcpsp/heur_output_or_constraints/Log=2/heurj60.txt
encoding rcpsp/j60.sm/j6015_1.sm nv: 2067620 nc: 4153659 enctime: 27.06
encoding rcpsp/j60.sm/j6015_1.sm nv: 444384 nc: 890881 enctime: 5.73
c File: j6015_1.smnaiveor2.wcnf
c optimal
c final solution cost: 71
c CPU time: 5.178040
s OPTIMUM FOUND

c File: j6015_1.smor2.wcnf
c optimal
c final solution cost: 71
c CPU time: 0.767266
s OPTIMUM FOUND


rcpsp/heur_output_or_constraints/Log=2/heurj60.txt
encoding rcpsp/j60.sm/j6015_2.sm nv: 1727200 nc: 3484508 enctime: 23.54
encoding rcpsp/j60.sm/j6015_2.sm nv: 355600 nc: 715388 enctime: 4.06
c File: j6015_2.smnaiveor2.wcnf
c timeout
c final solution cost: 63
c CPU time: 62.902946
s UNKNOWN

c File: j6015_2.smor2.wcnf
c timeout
c CPU time: 60.433233
s UNKNOWN


rcpsp/heur_output_or_constraints/Log=2/heurj60.txt
encoding rcpsp/j60.sm/j6015_3.sm nv: 2432304 nc: 4873805 enctime: 31.64
encoding rcpsp/j60.sm/j6015_3.sm nv: 376936 nc: 753243 enctime: 4.40
c File: j6015_3.smnaiveor2.wcnf
c optimal
c final solution cost: 51
c CPU time: 6.192194
s OPTIMUM FOUND

c File: j6015_3.smor2.wcnf
c optimal
c final solution cost: 51
c CPU time: 0.857596
s OPTIMUM FOUND


rcpsp/heur_output_or_constraints/Log=2/heurj60.txt
encoding rcpsp/j60.sm/j6015_4.sm nv: 2218194 nc: 4466181 enctime: 29.63
encoding rcpsp/j60.sm/j6015_4.sm nv: 409239 nc: 821736 enctime: 5.47
c File: j6015_4.smnaiveor2.wcnf
c optimal
c final solution cost: 57
c CPU time: 10.844138
s OPTIMUM FOUND

c File: j6015_4.smor2.wcnf
c optimal
c final solution cost: 57
c CPU time: 1.000479
s OPTIMUM FOUND


rcpsp/heur_output_or_constraints/Log=2/heurj60.txt
encoding rcpsp/j60.sm/j6015_5.sm nv: 2133460 nc: 4288452 enctime: 27.90
encoding rcpsp/j60.sm/j6015_5.sm nv: 385640 nc: 773142 enctime: 4.31
c File: j6015_5.smnaiveor2.wcnf
c optimal
c final solution cost: 57
c CPU time: 5.363127
s OPTIMUM FOUND

c File: j6015_5.smor2.wcnf
c optimal
c final solution cost: 57
c CPU time: 0.972726
s OPTIMUM FOUND


rcpsp/heur_output_or_constraints/Log=2/heurj60.txt
encoding rcpsp/j60.sm/j6015_6.sm nv: 1857708 nc: 3735409 enctime: 24.18
encoding rcpsp/j60.sm/j6015_6.sm nv: 361530 nc: 725030 enctime: 3.99
c File: j6015_6.smnaiveor2.wcnf
c optimal
c final solution cost: 60
c CPU time: 4.630538
s OPTIMUM FOUND

c File: j6015_6.smor2.wcnf
c optimal
c final solution cost: 60
c CPU time: 0.817891
s OPTIMUM FOUND


rcpsp/heur_output_or_constraints/Log=2/heurj60.txt
encoding rcpsp/j60.sm/j6015_7.sm nv: 2288234 nc: 4581468 enctime: 29.31
encoding rcpsp/j60.sm/j6015_7.sm nv: 397358 nc: 793644 enctime: 4.49
c File: j6015_7.smnaiveor2.wcnf
c timeout
c final solution cost: 52
c CPU time: 63.675794
s UNKNOWN

c File: j6015_7.smor2.wcnf
c timeout
c final solution cost: 52
c CPU time: 60.530673
s UNKNOWN


rcpsp/heur_output_or_constraints/Log=2/heurj60.txt
encoding rcpsp/j60.sm/j6015_8.sm nv: 2220508 nc: 4471001 enctime: 29.29
encoding rcpsp/j60.sm/j6015_8.sm nv: 380308 nc: 763601 enctime: 4.36
c File: j6015_8.smnaiveor2.wcnf
c optimal
c final solution cost: 60
c CPU time: 15.130885
s OPTIMUM FOUND

c File: j6015_8.smor2.wcnf
c optimal
c final solution cost: 60
c CPU time: 0.917723
s OPTIMUM FOUND


rcpsp/heur_output_or_constraints/Log=2/heurj60.txt
encoding rcpsp/j60.sm/j6015_9.sm nv: 3013429 nc: 6027744 enctime: 38.89
encoding rcpsp/j60.sm/j6015_9.sm nv: 580423 nc: 1158672 enctime: 6.52
c File: j6015_9.smnaiveor2.wcnf
c optimal
c final solution cost: 72
c CPU time: 7.163663
s OPTIMUM FOUND

c File: j6015_9.smor2.wcnf
c optimal
c final solution cost: 72
c CPU time: 0.991499
s OPTIMUM FOUND


rcpsp/heur_output_or_constraints/Log=2/heurj60.txt
encoding rcpsp/j60.sm/j601_5.sm nv: 118656 nc: 288024 enctime: 3.05
encoding rcpsp/j60.sm/j601_5.sm nv: 27264 nc: 64542 enctime: 0.41
c File: j601_5.smnaiveor2.wcnf
c optimal
c final solution cost: 60
c CPU time: 1.296120
s OPTIMUM FOUND

c File: j601_5.smor2.wcnf
c optimal
c final solution cost: 60
c CPU time: 0.296183
s OPTIMUM FOUND


rcpsp/heur_output_or_constraints/Log=2/heurj60.txt
encoding rcpsp/j60.sm/j6016_10.sm nv: 2712843 nc: 5429550 enctime: 34.67
encoding rcpsp/j60.sm/j6016_10.sm nv: 395148 nc: 788670 enctime: 4.58
c File: j6016_10.smnaiveor2.wcnf
c optimal
c final solution cost: 51
c CPU time: 5.615550
s OPTIMUM FOUND

c File: j6016_10.smor2.wcnf
c optimal
c final solution cost: 51
c CPU time: 0.647765
s OPTIMUM FOUND


rcpsp/heur_output_or_constraints/Log=2/heurj60.txt
encoding rcpsp/j60.sm/j6016_1.sm nv: 3239832 nc: 6480247 enctime: 41.32
encoding rcpsp/j60.sm/j6016_1.sm nv: 504564 nc: 1006930 enctime: 5.93
c File: j6016_1.smnaiveor2.wcnf
c optimal
c final solution cost: 56
c CPU time: 6.884870
s OPTIMUM FOUND

c File: j6016_1.smor2.wcnf
c optimal
c final solution cost: 56
c CPU time: 0.822758
s OPTIMUM FOUND


rcpsp/heur_output_or_constraints/Log=2/heurj60.txt
encoding rcpsp/j60.sm/j6016_2.sm nv: 3284064 nc: 6544301 enctime: 40.91
encoding rcpsp/j60.sm/j6016_2.sm nv: 508248 nc: 1010845 enctime: 5.85
c File: j6016_2.smnaiveor2.wcnf
c optimal
c final solution cost: 51
c CPU time: 6.989855
s OPTIMUM FOUND

c File: j6016_2.smor2.wcnf
c optimal
c final solution cost: 51
c CPU time: 0.827310
s OPTIMUM FOUND


rcpsp/heur_output_or_constraints/Log=2/heurj60.txt
encoding rcpsp/j60.sm/j6016_3.sm nv: 2856396 nc: 5687137 enctime: 35.53
encoding rcpsp/j60.sm/j6016_3.sm nv: 369760 nc: 734309 enctime: 4.40
c File: j6016_3.smnaiveor2.wcnf
c optimal
c final solution cost: 39
c CPU time: 5.602323
s OPTIMUM FOUND

c File: j6016_3.smor2.wcnf
c optimal
c final solution cost: 39
c CPU time: 0.608097
s OPTIMUM FOUND


rcpsp/heur_output_or_constraints/Log=2/heurj60.txt
encoding rcpsp/j60.sm/j6016_4.sm nv: 2570356 nc: 5129139 enctime: 32.61
encoding rcpsp/j60.sm/j6016_4.sm nv: 377752 nc: 751941 enctime: 4.36
c File: j6016_4.smnaiveor2.wcnf
c optimal
c final solution cost: 44
c CPU time: 5.046442
s OPTIMUM FOUND

c File: j6016_4.smor2.wcnf
c optimal
c final solution cost: 44
c CPU time: 0.642905
s OPTIMUM FOUND


rcpsp/heur_output_or_constraints/Log=2/heurj60.txt
encoding rcpsp/j60.sm/j6016_5.sm nv: 2998710 nc: 5976936 enctime: 37.21
encoding rcpsp/j60.sm/j6016_5.sm nv: 427089 nc: 849259 enctime: 4.95
c File: j6016_5.smnaiveor2.wcnf
c optimal
c final solution cost: 45
c CPU time: 6.369547
s OPTIMUM FOUND

c File: j6016_5.smor2.wcnf
c optimal
c final solution cost: 45
c CPU time: 0.740701
s OPTIMUM FOUND


rcpsp/heur_output_or_constraints/Log=2/heurj60.txt
encoding rcpsp/j60.sm/j6016_6.sm nv: 2978536 nc: 5957646 enctime: 37.77
encoding rcpsp/j60.sm/j6016_6.sm nv: 427856 nc: 853496 enctime: 4.94
c File: j6016_6.smnaiveor2.wcnf
c optimal
c final solution cost: 49
c CPU time: 7.127069
s OPTIMUM FOUND

c File: j6016_6.smor2.wcnf
c optimal
c final solution cost: 49
c CPU time: 0.925506
s OPTIMUM FOUND


rcpsp/heur_output_or_constraints/Log=2/heurj60.txt
encoding rcpsp/j60.sm/j6016_7.sm nv: 1893492 nc: 3791020 enctime: 23.66
encoding rcpsp/j60.sm/j6016_7.sm nv: 349470 nc: 698116 enctime: 3.85
c File: j6016_7.smnaiveor2.wcnf
c optimal
c final solution cost: 49
c CPU time: 6.520674
s OPTIMUM FOUND

c File: j6016_7.smor2.wcnf
c optimal
c final solution cost: 49
c CPU time: 2.322343
s OPTIMUM FOUND


rcpsp/heur_output_or_constraints/Log=2/heurj60.txt
encoding rcpsp/j60.sm/j6016_8.sm nv: 2924757 nc: 5844325 enctime: 36.42
encoding rcpsp/j60.sm/j6016_8.sm nv: 471735 nc: 940569 enctime: 5.32
c File: j6016_8.smnaiveor2.wcnf
c optimal
c final solution cost: 54
c CPU time: 5.702168
s OPTIMUM FOUND

c File: j6016_8.smor2.wcnf
c optimal
c final solution cost: 54
c CPU time: 0.716291
s OPTIMUM FOUND


rcpsp/heur_output_or_constraints/Log=2/heurj60.txt
encoding rcpsp/j60.sm/j6016_9.sm nv: 2741508 nc: 5464037 enctime: 33.48
encoding rcpsp/j60.sm/j6016_9.sm nv: 468270 nc: 931445 enctime: 5.16
c File: j6016_9.smnaiveor2.wcnf
c optimal
c final solution cost: 54
c CPU time: 5.317037
s OPTIMUM FOUND

c File: j6016_9.smor2.wcnf
c optimal
c final solution cost: 54
c CPU time: 0.708579
s OPTIMUM FOUND


rcpsp/heur_output_or_constraints/Log=2/heurj60.txt
encoding rcpsp/j60.sm/j601_6.sm nv: 107811 nc: 260577 enctime: 2.65
encoding rcpsp/j60.sm/j601_6.sm nv: 23958 nc: 56373 enctime: 0.34
c File: j601_6.smnaiveor2.wcnf
c optimal
c final solution cost: 63
c CPU time: 1.656337
s OPTIMUM FOUND

c File: j601_6.smor2.wcnf
c optimal
c final solution cost: 63
c CPU time: 0.187079
s OPTIMUM FOUND


rcpsp/heur_output_or_constraints/Log=2/heurj60.txt
encoding rcpsp/j60.sm/j6017_10.sm nv: 150745 nc: 385203 enctime: 4.52
encoding rcpsp/j60.sm/j6017_10.sm nv: 31388 nc: 77996 enctime: 0.50
c File: j6017_10.smnaiveor2.wcnf
c optimal
c final solution cost: 60
c CPU time: 1.773211
s OPTIMUM FOUND

c File: j6017_10.smor2.wcnf
c optimal
c final solution cost: 60
c CPU time: 0.211492
s OPTIMUM FOUND


rcpsp/heur_output_or_constraints/Log=2/heurj60.txt
encoding rcpsp/j60.sm/j6017_1.sm nv: 113982 nc: 284520 enctime: 3.16
encoding rcpsp/j60.sm/j6017_1.sm nv: 26136 nc: 63574 enctime: 0.40
c File: j6017_1.smnaiveor2.wcnf
c optimal
c final solution cost: 70
c CPU time: 11.213851
s OPTIMUM FOUND

c File: j6017_1.smor2.wcnf
c optimal
c final solution cost: 70
c CPU time: 2.734710
s OPTIMUM FOUND


rcpsp/heur_output_or_constraints/Log=2/heurj60.txt
encoding rcpsp/j60.sm/j6017_2.sm nv: 114138 nc: 282870 enctime: 3.15
encoding rcpsp/j60.sm/j6017_2.sm nv: 24618 nc: 59430 enctime: 0.27
c File: j6017_2.smnaiveor2.wcnf
c optimal
c final solution cost: 57
c CPU time: 1.603561
s OPTIMUM FOUND

c File: j6017_2.smor2.wcnf
c optimal
c final solution cost: 57
c CPU time: 0.323930
s OPTIMUM FOUND


