rcpsp/heur_output_bi_constraints/Log=2/heurj120.txt
encoding rcpsp/j120.sm/j12031_9.sm nv: 2612586 nc: 5529883 enctime: 58.74
encoding rcpsp/j120.sm/j12031_9.sm nv: 993792 nc: 2100475 enctime: 14.84
c File: j12031_9.smnaivebi2.wcnf
c timeout
c final solution cost: 489
c CPU time: 69.292134
s UNKNOWN

c File: j12031_9.smbi2.wcnf
c timeout
c final solution cost: 195
c CPU time: 62.080880
s UNKNOWN


rcpsp/heur_output_bi_constraints/Log=2/heurj120.txt
encoding rcpsp/j120.sm/j1203_1.sm nv: 852162 nc: 1965433 enctime: 28.69
encoding rcpsp/j120.sm/j1203_1.sm nv: 114664 nc: 260641 enctime: 2.03
c File: j1203_1.smnaivebi2.wcnf
c timeout
c final solution cost: 63
c CPU time: 65.160791
s UNKNOWN

c File: j1203_1.smbi2.wcnf
c timeout
c final solution cost: 64
c CPU time: 60.227841
s UNKNOWN


rcpsp/heur_output_bi_constraints/Log=2/heurj120.txt
encoding rcpsp/j120.sm/j12032_10.sm nv: 3607625 nc: 7495833 enctime: 71.75
encoding rcpsp/j120.sm/j12032_10.sm nv: 954800 nc: 1980402 enctime: 11.97
c File: j12032_10.smnaivebi2.wcnf
c timeout
c final solution cost: 314
c CPU time: 69.598914
s UNKNOWN

c File: j12032_10.smbi2.wcnf
c timeout
c final solution cost: 138
c CPU time: 61.588653
s UNKNOWN


rcpsp/heur_output_bi_constraints/Log=2/heurj120.txt
encoding rcpsp/j120.sm/j12032_1.sm nv: 3716165 nc: 7750480 enctime: 74.39
encoding rcpsp/j120.sm/j12032_1.sm nv: 994542 nc: 2070549 enctime: 12.60
c File: j12032_1.smnaivebi2.wcnf
c timeout
c final solution cost: 621
c CPU time: 70.339596
s UNKNOWN

c File: j12032_1.smbi2.wcnf
c timeout
c final solution cost: 153
c CPU time: 61.738038
s UNKNOWN


rcpsp/heur_output_bi_constraints/Log=2/heurj120.txt
encoding rcpsp/j120.sm/j12032_2.sm nv: 3435665 nc: 7161409 enctime: 69.95
encoding rcpsp/j120.sm/j12032_2.sm nv: 852535 nc: 1773521 enctime: 10.88
c File: j12032_2.smnaivebi2.wcnf
c timeout
c final solution cost: 153
c CPU time: 70.189969
s UNKNOWN

c File: j12032_2.smbi2.wcnf
c timeout
c final solution cost: 138
c CPU time: 61.485753
s UNKNOWN


rcpsp/heur_output_bi_constraints/Log=2/heurj120.txt
encoding rcpsp/j120.sm/j12032_3.sm nv: 3721512 nc: 7759514 enctime: 76.68
encoding rcpsp/j120.sm/j12032_3.sm nv: 951766 nc: 1980706 enctime: 12.22
c File: j12032_3.smnaivebi2.wcnf
c timeout
c final solution cost: 325
c CPU time: 70.843944
s UNKNOWN

c File: j12032_3.smbi2.wcnf
c timeout
c final solution cost: 149
c CPU time: 61.640262
s UNKNOWN


rcpsp/heur_output_bi_constraints/Log=2/heurj120.txt
encoding rcpsp/j120.sm/j12032_4.sm nv: 3128103 nc: 6498868 enctime: 63.18
encoding rcpsp/j120.sm/j12032_4.sm nv: 878064 nc: 1821096 enctime: 11.17
c File: j12032_4.smnaivebi2.wcnf
c timeout
c final solution cost: 177
c CPU time: 68.571242
s UNKNOWN

c File: j12032_4.smbi2.wcnf
c timeout
c final solution cost: 142
c CPU time: 61.514199
s UNKNOWN


rcpsp/heur_output_bi_constraints/Log=2/heurj120.txt
encoding rcpsp/j120.sm/j12032_5.sm nv: 3326634 nc: 6906375 enctime: 66.24
encoding rcpsp/j120.sm/j12032_5.sm nv: 931874 nc: 1931475 enctime: 11.77
c File: j12032_5.smnaivebi2.wcnf
c timeout
c final solution cost: 201
c CPU time: 69.096586
s UNKNOWN

c File: j12032_5.smbi2.wcnf
c timeout
c final solution cost: 137
c CPU time: 61.587880
s UNKNOWN


rcpsp/heur_output_bi_constraints/Log=2/heurj120.txt
encoding rcpsp/j120.sm/j12032_6.sm nv: 3621856 nc: 7501292 enctime: 71.16
encoding rcpsp/j120.sm/j12032_6.sm nv: 871720 nc: 1801997 enctime: 11.13
c File: j12032_6.smnaivebi2.wcnf
c timeout
c final solution cost: 210
c CPU time: 69.764914
s UNKNOWN

c File: j12032_6.smbi2.wcnf
c timeout
c final solution cost: 131
c CPU time: 61.444096
s UNKNOWN


rcpsp/heur_output_bi_constraints/Log=2/heurj120.txt
encoding rcpsp/j120.sm/j12032_7.sm nv: 4179032 nc: 8638364 enctime: 83.15
encoding rcpsp/j120.sm/j12032_7.sm nv: 958210 nc: 1976858 enctime: 12.40
c File: j12032_7.smnaivebi2.wcnf
c timeout
c final solution cost: 126
c CPU time: 70.854094
s UNKNOWN

c File: j12032_7.smbi2.wcnf
c timeout
c final solution cost: 122
c CPU time: 61.586660
s UNKNOWN


rcpsp/heur_output_bi_constraints/Log=2/heurj120.txt
encoding rcpsp/j120.sm/j12032_8.sm nv: 3223488 nc: 6680836 enctime: 63.94
encoding rcpsp/j120.sm/j12032_8.sm nv: 938880 nc: 1942990 enctime: 13.48
c File: j12032_8.smnaivebi2.wcnf
c timeout
c final solution cost: 176
c CPU time: 68.691095
s UNKNOWN

c File: j12032_8.smbi2.wcnf
c timeout
c final solution cost: 140
c CPU time: 61.626217
s UNKNOWN


rcpsp/heur_output_bi_constraints/Log=2/heurj120.txt
encoding rcpsp/j120.sm/j12032_9.sm nv: 3716988 nc: 7679594 enctime: 72.25
encoding rcpsp/j120.sm/j12032_9.sm nv: 978768 nc: 2018914 enctime: 12.31
c File: j12032_9.smnaivebi2.wcnf
c timeout
c final solution cost: 550
c CPU time: 69.557774
s UNKNOWN

c File: j12032_9.smbi2.wcnf
c timeout
c final solution cost: 121
c CPU time: 61.630227
s UNKNOWN


rcpsp/heur_output_bi_constraints/Log=2/heurj120.txt
encoding rcpsp/j120.sm/j1203_2.sm nv: 786208 nc: 1814809 enctime: 26.82
encoding rcpsp/j120.sm/j1203_2.sm nv: 115692 nc: 263567 enctime: 1.27
c File: j1203_2.smnaivebi2.wcnf
c optimal
c final solution cost: 70
c CPU time: 47.515125
s OPTIMUM FOUND

c File: j1203_2.smbi2.wcnf
c optimal
c final solution cost: 70
c CPU time: 0.394573
s OPTIMUM FOUND


rcpsp/heur_output_bi_constraints/Log=2/heurj120.txt
encoding rcpsp/j120.sm/j12033_10.sm nv: 4660095 nc: 9587801 enctime: 89.32
encoding rcpsp/j120.sm/j12033_10.sm nv: 958410 nc: 1968033 enctime: 12.52
c File: j12033_10.smnaivebi2.wcnf
c timeout
c final solution cost: 111
c CPU time: 71.770795
s UNKNOWN

c File: j12033_10.smbi2.wcnf
c timeout
c final solution cost: 108
c CPU time: 61.526356
s UNKNOWN


rcpsp/heur_output_bi_constraints/Log=2/heurj120.txt
encoding rcpsp/j120.sm/j12033_1.sm nv: 4371620 nc: 8982993 enctime: 81.33
encoding rcpsp/j120.sm/j12033_1.sm nv: 886600 nc: 1818262 enctime: 11.37
c File: j12033_1.smnaivebi2.wcnf
c timeout
c final solution cost: 531
c CPU time: 70.703750
s UNKNOWN

c File: j12033_1.smbi2.wcnf
c timeout
c final solution cost: 104
c CPU time: 61.420729
s UNKNOWN


rcpsp/heur_output_bi_constraints/Log=2/heurj120.txt
encoding rcpsp/j120.sm/j12033_2.sm nv: 4191840 nc: 8644900 enctime: 80.65
encoding rcpsp/j120.sm/j12033_2.sm nv: 913770 nc: 1880995 enctime: 11.67
c File: j12033_2.smnaivebi2.wcnf
c timeout
c final solution cost: 120
c CPU time: 70.398982
s UNKNOWN

c File: j12033_2.smbi2.wcnf
c timeout
c final solution cost: 113
c CPU time: 61.484691
s UNKNOWN


rcpsp/heur_output_bi_constraints/Log=2/heurj120.txt
encoding rcpsp/j120.sm/j12033_3.sm nv: 4016850 nc: 8244221 enctime: 74.69
encoding rcpsp/j120.sm/j12033_3.sm nv: 888975 nc: 1821271 enctime: 11.27
c File: j12033_3.smnaivebi2.wcnf
c timeout
c final solution cost: 111
c CPU time: 69.469323
s UNKNOWN

c File: j12033_3.smbi2.wcnf
c timeout
c final solution cost: 108
c CPU time: 61.431059
s UNKNOWN


rcpsp/heur_output_bi_constraints/Log=2/heurj120.txt
encoding rcpsp/j120.sm/j12033_4.sm nv: 4169877 nc: 8612547 enctime: 81.40
encoding rcpsp/j120.sm/j12033_4.sm nv: 934950 nc: 1927308 enctime: 11.97
c File: j12033_4.smnaivebi2.wcnf
c timeout
c final solution cost: 212
c CPU time: 70.743801
s UNKNOWN

c File: j12033_4.smbi2.wcnf
c timeout
c final solution cost: 114
c CPU time: 61.534378
s UNKNOWN


rcpsp/heur_output_bi_constraints/Log=2/heurj120.txt
encoding rcpsp/j120.sm/j12033_5.sm nv: 3329200 nc: 6930073 enctime: 68.39
encoding rcpsp/j120.sm/j12033_5.sm nv: 888125 nc: 1845422 enctime: 13.22
c File: j12033_5.smnaivebi2.wcnf
c timeout
c final solution cost: 148
c CPU time: 69.380106
s UNKNOWN

c File: j12033_5.smbi2.wcnf
c timeout
c final solution cost: 146
c CPU time: 61.578187
s UNKNOWN


rcpsp/heur_output_bi_constraints/Log=2/heurj120.txt
encoding rcpsp/j120.sm/j12033_6.sm nv: 3984735 nc: 8207559 enctime: 76.32
encoding rcpsp/j120.sm/j12033_6.sm nv: 893890 nc: 1837816 enctime: 11.51
c File: j12033_6.smnaivebi2.wcnf
c timeout
c final solution cost: 125
c CPU time: 70.083727
s UNKNOWN

c File: j12033_6.smbi2.wcnf
c timeout
c final solution cost: 108
c CPU time: 61.450842
s UNKNOWN


rcpsp/heur_output_bi_constraints/Log=2/heurj120.txt
encoding rcpsp/j120.sm/j12033_7.sm nv: 4266147 nc: 8808775 enctime: 82.98
encoding rcpsp/j120.sm/j12033_7.sm nv: 1020579 nc: 2103623 enctime: 13.03
c File: j12033_7.smnaivebi2.wcnf
c timeout
c final solution cost: 125
c CPU time: 71.024857
s UNKNOWN

c File: j12033_7.smbi2.wcnf
c timeout
c final solution cost: 121
c CPU time: 61.700448
s UNKNOWN


rcpsp/heur_output_bi_constraints/Log=2/heurj120.txt
encoding rcpsp/j120.sm/j12033_8.sm nv: 4402568 nc: 9080545 enctime: 84.76
encoding rcpsp/j120.sm/j12033_8.sm nv: 947140 nc: 1949625 enctime: 12.11
c File: j12033_8.smnaivebi2.wcnf
c timeout
c final solution cost: 215
c CPU time: 71.332139
s UNKNOWN

c File: j12033_8.smbi2.wcnf
c timeout
c final solution cost: 115
c CPU time: 61.528244
s UNKNOWN


rcpsp/heur_output_bi_constraints/Log=2/heurj120.txt
encoding rcpsp/j120.sm/j12033_9.sm nv: 3992976 nc: 8211285 enctime: 74.18
encoding rcpsp/j120.sm/j12033_9.sm nv: 947052 nc: 1944269 enctime: 11.83
c File: j12033_9.smnaivebi2.wcnf
c timeout
c final solution cost: 425
c CPU time: 69.745082
s UNKNOWN

c File: j12033_9.smbi2.wcnf
c timeout
c final solution cost: 109
c CPU time: 61.510383
s UNKNOWN


rcpsp/heur_output_bi_constraints/Log=2/heurj120.txt
encoding rcpsp/j120.sm/j1203_3.sm nv: 900163 nc: 2052848 enctime: 28.45
encoding rcpsp/j120.sm/j1203_3.sm nv: 166440 nc: 375918 enctime: 2.60
c File: j1203_3.smnaivebi2.wcnf
c optimal
c final solution cost: 73
c CPU time: 7.748506
s OPTIMUM FOUND

c File: j1203_3.smbi2.wcnf
c optimal
c final solution cost: 73
c CPU time: 0.543497
s OPTIMUM FOUND


rcpsp/heur_output_bi_constraints/Log=2/heurj120.txt
encoding rcpsp/j120.sm/j12034_10.sm nv: 5868336 nc: 11994018 enctime: 100.14
encoding rcpsp/j120.sm/j12034_10.sm nv: 919344 nc: 1874850 enctime: 11.74
c File: j12034_10.smnaivebi2.wcnf
c timeout
c final solution cost: 88
c CPU time: 72.946016
s UNKNOWN

c File: j12034_10.smbi2.wcnf
c timeout
c final solution cost: 89
c CPU time: 61.351962
s UNKNOWN


rcpsp/heur_output_bi_constraints/Log=2/heurj120.txt
encoding rcpsp/j120.sm/j12034_1.sm nv: 5554800 nc: 11282093 enctime: 86.67
encoding rcpsp/j120.sm/j12034_1.sm nv: 860994 nc: 1745423 enctime: 10.47
c File: j12034_1.smnaivebi2.wcnf
c timeout
c final solution cost: 72
c CPU time: 71.151868
s UNKNOWN

c File: j12034_1.smbi2.wcnf
c timeout
c final solution cost: 69
c CPU time: 61.221232
s UNKNOWN


rcpsp/heur_output_bi_constraints/Log=2/heurj120.txt
encoding rcpsp/j120.sm/j12034_2.sm nv: 5457974 nc: 11179811 enctime: 92.49
encoding rcpsp/j120.sm/j12034_2.sm nv: 1088370 nc: 2225429 enctime: 13.14
c File: j12034_2.smnaivebi2.wcnf
c timeout
c final solution cost: 97
c CPU time: 72.173531
s UNKNOWN

c File: j12034_2.smbi2.wcnf
c timeout
c final solution cost: 94
c CPU time: 61.655688
s UNKNOWN


rcpsp/heur_output_bi_constraints/Log=2/heurj120.txt
encoding rcpsp/j120.sm/j12034_3.sm nv: 6331446 nc: 12971894 enctime: 105.08
encoding rcpsp/j120.sm/j12034_3.sm nv: 1037799 nc: 2121769 enctime: 12.59
c File: j12034_3.smnaivebi2.wcnf
c timeout
c final solution cost: 447
c CPU time: 74.299707
s UNKNOWN

c File: j12034_3.smbi2.wcnf
c timeout
c final solution cost: 92
c CPU time: 61.502786
s UNKNOWN


rcpsp/heur_output_bi_constraints/Log=2/heurj120.txt
encoding rcpsp/j120.sm/j12034_4.sm nv: 6444480 nc: 13146192 enctime: 106.50
encoding rcpsp/j120.sm/j12034_4.sm nv: 1091328 nc: 2221961 enctime: 13.71
c File: j12034_4.smnaivebi2.wcnf
c timeout
c final solution cost: 79
c CPU time: 73.583657
s UNKNOWN

c File: j12034_4.smbi2.wcnf
c timeout
c final solution cost: 80
c CPU time: 61.672927
s UNKNOWN


rcpsp/heur_output_bi_constraints/Log=2/heurj120.txt
encoding rcpsp/j120.sm/j12034_5.sm nv: 5004125 nc: 10261470 enctime: 86.83
encoding rcpsp/j120.sm/j12034_5.sm nv: 993300 nc: 2033016 enctime: 12.00
c File: j12034_5.smnaivebi2.wcnf
c timeout
c final solution cost: 99
c CPU time: 71.648630
s UNKNOWN

c File: j12034_5.smbi2.wcnf
c optimal
c final solution cost: 96
c CPU time: 29.533081
s OPTIMUM FOUND


rcpsp/heur_output_bi_constraints/Log=2/heurj120.txt
encoding rcpsp/j120.sm/j12034_6.sm nv: 6775555 nc: 13812824 enctime: 112.88
encoding rcpsp/j120.sm/j12034_6.sm nv: 1062641 nc: 2161972 enctime: 13.57
c File: j12034_6.smnaivebi2.wcnf
c timeout
c final solution cost: 122
c CPU time: 74.147900
s UNKNOWN

c File: j12034_6.smbi2.wcnf
c optimal
c final solution cost: 84
c CPU time: 16.415254
s OPTIMUM FOUND


rcpsp/heur_output_bi_constraints/Log=2/heurj120.txt
encoding rcpsp/j120.sm/j12034_7.sm nv: 5362000 nc: 11016331 enctime: 94.61
encoding rcpsp/j120.sm/j12034_7.sm nv: 850260 nc: 1742526 enctime: 10.73
c File: j12034_7.smnaivebi2.wcnf
c timeout
c final solution cost: 99
c CPU time: 72.884899
s UNKNOWN

c File: j12034_7.smbi2.wcnf
c timeout
c final solution cost: 93
c CPU time: 61.281719
s UNKNOWN


rcpsp/heur_output_bi_constraints/Log=2/heurj120.txt
encoding rcpsp/j120.sm/j12034_8.sm nv: 5873280 nc: 11985925 enctime: 98.51
encoding rcpsp/j120.sm/j12034_8.sm nv: 945024 nc: 1924627 enctime: 11.75
c File: j12034_8.smnaivebi2.wcnf
c timeout
c final solution cost: 88
c CPU time: 72.685972
s UNKNOWN

c File: j12034_8.smbi2.wcnf
c timeout
c final solution cost: 83
c CPU time: 61.397310
s UNKNOWN


rcpsp/heur_output_bi_constraints/Log=2/heurj120.txt
encoding rcpsp/j120.sm/j12034_9.sm nv: 4428312 nc: 9051926 enctime: 75.04
encoding rcpsp/j120.sm/j12034_9.sm nv: 823872 nc: 1680856 enctime: 11.76
c File: j12034_9.smnaivebi2.wcnf
c timeout
c final solution cost: 496
c CPU time: 70.298807
s UNKNOWN

c File: j12034_9.smbi2.wcnf
c timeout
c final solution cost: 94
c CPU time: 61.274474
s UNKNOWN


rcpsp/heur_output_bi_constraints/Log=2/heurj120.txt
encoding rcpsp/j120.sm/j1203_4.sm nv: 933296 nc: 2109057 enctime: 27.67
encoding rcpsp/j120.sm/j1203_4.sm nv: 117936 nc: 262737 enctime: 1.95
c File: j1203_4.smnaivebi2.wcnf
c optimal
c final solution cost: 58
c CPU time: 34.396746
s OPTIMUM FOUND

c File: j1203_4.smbi2.wcnf
c optimal
c final solution cost: 58
c CPU time: 13.226025
s OPTIMUM FOUND


rcpsp/heur_output_bi_constraints/Log=2/heurj120.txt
encoding rcpsp/j120.sm/j12035_10.sm nv: 7126805 nc: 14468979 enctime: 112.98
encoding rcpsp/j120.sm/j12035_10.sm nv: 900228 nc: 1823514 enctime: 11.59
c File: j12035_10.smnaivebi2.wcnf
c timeout
c final solution cost: 67
c CPU time: 74.427401
s UNKNOWN

c File: j12035_10.smbi2.wcnf
c timeout
c final solution cost: 67
c CPU time: 61.254612
s UNKNOWN


rcpsp/heur_output_bi_constraints/Log=2/heurj120.txt
encoding rcpsp/j120.sm/j12035_1.sm nv: 6662910 nc: 13495108 enctime: 103.81
encoding rcpsp/j120.sm/j12035_1.sm nv: 801716 nc: 1620158 enctime: 10.52
c File: j12035_1.smnaivebi2.wcnf
c optimal
c final solution cost: 63
c CPU time: 50.270325
s OPTIMUM FOUND

c File: j12035_1.smbi2.wcnf
c optimal
c final solution cost: 63
c CPU time: 8.416400
s OPTIMUM FOUND


rcpsp/heur_output_bi_constraints/Log=2/heurj120.txt
encoding rcpsp/j120.sm/j12035_2.sm nv: 5567962 nc: 11416877 enctime: 97.87
encoding rcpsp/j120.sm/j12035_2.sm nv: 986829 nc: 2019359 enctime: 12.29
c File: j12035_2.smnaivebi2.wcnf
c timeout
c final solution cost: 103
c CPU time: 72.909785
s UNKNOWN

c File: j12035_2.smbi2.wcnf
c timeout
c final solution cost: 100
c CPU time: 61.462112
s UNKNOWN


rcpsp/heur_output_bi_constraints/Log=2/heurj120.txt
encoding rcpsp/j120.sm/j12035_3.sm nv: 6630192 nc: 13471619 enctime: 108.60
encoding rcpsp/j120.sm/j12035_3.sm nv: 869202 nc: 1762109 enctime: 11.40
c File: j12035_3.smnaivebi2.wcnf
c timeout
c final solution cost: 71
c CPU time: 73.355678
s UNKNOWN

c File: j12035_3.smbi2.wcnf
c timeout
c final solution cost: 70
c CPU time: 61.238844
s UNKNOWN


rcpsp/heur_output_bi_constraints/Log=2/heurj120.txt
encoding rcpsp/j120.sm/j12035_4.sm nv: 5305976 nc: 10845893 enctime: 89.46
encoding rcpsp/j120.sm/j12035_4.sm nv: 935870 nc: 1909139 enctime: 13.78
c File: j12035_4.smnaivebi2.wcnf
c optimal
c final solution cost: 95
c CPU time: 42.830645
s OPTIMUM FOUND

c File: j12035_4.smbi2.wcnf
c optimal
c final solution cost: 95
c CPU time: 14.463930
s OPTIMUM FOUND


