rcpsp/heur_output_bi_constraints/Log=2/heurj30.txt
encoding rcpsp/j30.sm/j3046_4.sm nv: 251808 nc: 517552 enctime: 3.06
encoding rcpsp/j30.sm/j3046_4.sm nv: 118336 nc: 242460 enctime: 1.37
c File: j3046_4.smnaivebi2.wcnf
c optimal
c final solution cost: 63
c CPU time: 3.134910
s OPTIMUM FOUND

c File: j3046_4.smbi2.wcnf
c optimal
c final solution cost: 63
c CPU time: 1.017785
s OPTIMUM FOUND


rcpsp/heur_output_bi_constraints/Log=2/heurj30.txt
encoding rcpsp/j30.sm/j3046_5.sm nv: 261888 nc: 536229 enctime: 3.20
encoding rcpsp/j30.sm/j3046_5.sm nv: 117304 nc: 239323 enctime: 1.36
c File: j3046_5.smnaivebi2.wcnf
c optimal
c final solution cost: 56
c CPU time: 2.374326
s OPTIMUM FOUND

c File: j3046_5.smbi2.wcnf
c optimal
c final solution cost: 56
c CPU time: 0.740088
s OPTIMUM FOUND


rcpsp/heur_output_bi_constraints/Log=2/heurj30.txt
encoding rcpsp/j30.sm/j3046_6.sm nv: 210000 nc: 429320 enctime: 2.53
encoding rcpsp/j30.sm/j3046_6.sm nv: 87500 nc: 178146 enctime: 0.93
c File: j3046_6.smnaivebi2.wcnf
c optimal
c final solution cost: 55
c CPU time: 1.503270
s OPTIMUM FOUND

c File: j3046_6.smbi2.wcnf
c optimal
c final solution cost: 55
c CPU time: 0.650221
s OPTIMUM FOUND


rcpsp/heur_output_bi_constraints/Log=2/heurj30.txt
encoding rcpsp/j30.sm/j3046_7.sm nv: 176868 nc: 361071 enctime: 2.10
encoding rcpsp/j30.sm/j3046_7.sm nv: 92480 nc: 188280 enctime: 1.04
c File: j3046_7.smnaivebi2.wcnf
c optimal
c final solution cost: 55
c CPU time: 47.332847
s OPTIMUM FOUND

c File: j3046_7.smbi2.wcnf
c optimal
c final solution cost: 55
c CPU time: 27.030047
s OPTIMUM FOUND


rcpsp/heur_output_bi_constraints/Log=2/heurj30.txt
encoding rcpsp/j30.sm/j3046_8.sm nv: 255868 nc: 526819 enctime: 3.12
encoding rcpsp/j30.sm/j3046_8.sm nv: 103436 nc: 212099 enctime: 1.10
c File: j3046_8.smnaivebi2.wcnf
c optimal
c final solution cost: 58
c CPU time: 5.015311
s OPTIMUM FOUND

c File: j3046_8.smbi2.wcnf
c optimal
c final solution cost: 58
c CPU time: 3.560623
s OPTIMUM FOUND


rcpsp/heur_output_bi_constraints/Log=2/heurj30.txt
encoding rcpsp/j30.sm/j3046_9.sm nv: 206416 nc: 417411 enctime: 2.42
encoding rcpsp/j30.sm/j3046_9.sm nv: 85554 nc: 172394 enctime: 0.89
c File: j3046_9.smnaivebi2.wcnf
c optimal
c final solution cost: 47
c CPU time: 1.415632
s OPTIMUM FOUND

c File: j3046_9.smbi2.wcnf
c optimal
c final solution cost: 47
c CPU time: 0.755764
s OPTIMUM FOUND


rcpsp/heur_output_bi_constraints/Log=2/heurj30.txt
encoding rcpsp/j30.sm/j304_6.sm nv: 23384 nc: 59877 enctime: 0.39
encoding rcpsp/j30.sm/j304_6.sm nv: 6808 nc: 16645 enctime: 0.07
c File: j304_6.smnaivebi2.wcnf
c optimal
c final solution cost: 29
c CPU time: 0.119248
s OPTIMUM FOUND

c File: j304_6.smbi2.wcnf
c optimal
c final solution cost: 29
c CPU time: 0.021439
s OPTIMUM FOUND


rcpsp/heur_output_bi_constraints/Log=2/heurj30.txt
encoding rcpsp/j30.sm/j3047_10.sm nv: 265080 nc: 542928 enctime: 3.21
encoding rcpsp/j30.sm/j3047_10.sm nv: 121260 nc: 247536 enctime: 1.38
c File: j3047_10.smnaivebi2.wcnf
c optimal
c final solution cost: 56
c CPU time: 6.014881
s OPTIMUM FOUND

c File: j3047_10.smbi2.wcnf
c optimal
c final solution cost: 56
c CPU time: 5.350924
s OPTIMUM FOUND


rcpsp/heur_output_bi_constraints/Log=2/heurj30.txt
encoding rcpsp/j30.sm/j3047_1.sm nv: 195610 nc: 397428 enctime: 2.32
encoding rcpsp/j30.sm/j3047_1.sm nv: 94650 nc: 191748 enctime: 1.07
c File: j3047_1.smnaivebi2.wcnf
c optimal
c final solution cost: 48
c CPU time: 1.300563
s OPTIMUM FOUND

c File: j3047_1.smbi2.wcnf
c optimal
c final solution cost: 48
c CPU time: 0.838650
s OPTIMUM FOUND


rcpsp/heur_output_bi_constraints/Log=2/heurj30.txt
encoding rcpsp/j30.sm/j3047_2.sm nv: 303269 nc: 612689 enctime: 3.56
encoding rcpsp/j30.sm/j3047_2.sm nv: 117451 nc: 236495 enctime: 1.34
c File: j3047_2.smnaivebi2.wcnf
c optimal
c final solution cost: 53
c CPU time: 0.665510
s OPTIMUM FOUND

c File: j3047_2.smbi2.wcnf
c optimal
c final solution cost: 53
c CPU time: 0.253781
s OPTIMUM FOUND


rcpsp/heur_output_bi_constraints/Log=2/heurj30.txt
encoding rcpsp/j30.sm/j3047_3.sm nv: 284988 nc: 580229 enctime: 3.38
encoding rcpsp/j30.sm/j3047_3.sm nv: 112776 nc: 228686 enctime: 1.28
c File: j3047_3.smnaivebi2.wcnf
c optimal
c final solution cost: 55
c CPU time: 0.745885
s OPTIMUM FOUND

c File: j3047_3.smbi2.wcnf
c optimal
c final solution cost: 55
c CPU time: 0.274522
s OPTIMUM FOUND


rcpsp/heur_output_bi_constraints/Log=2/heurj30.txt
encoding rcpsp/j30.sm/j3047_4.sm nv: 247586 nc: 499213 enctime: 2.88
encoding rcpsp/j30.sm/j3047_4.sm nv: 94020 nc: 188847 enctime: 1.08
c File: j3047_4.smnaivebi2.wcnf
c optimal
c final solution cost: 47
c CPU time: 0.642185
s OPTIMUM FOUND

c File: j3047_4.smbi2.wcnf
c optimal
c final solution cost: 47
c CPU time: 0.432248
s OPTIMUM FOUND


rcpsp/heur_output_bi_constraints/Log=2/heurj30.txt
encoding rcpsp/j30.sm/j3047_5.sm nv: 203745 nc: 411032 enctime: 2.37
encoding rcpsp/j30.sm/j3047_5.sm nv: 80920 nc: 162662 enctime: 0.93
c File: j3047_5.smnaivebi2.wcnf
c optimal
c final solution cost: 45
c CPU time: 0.603575
s OPTIMUM FOUND

c File: j3047_5.smbi2.wcnf
c optimal
c final solution cost: 45
c CPU time: 0.313409
s OPTIMUM FOUND


rcpsp/heur_output_bi_constraints/Log=2/heurj30.txt
encoding rcpsp/j30.sm/j3047_6.sm nv: 284240 nc: 575690 enctime: 3.44
encoding rcpsp/j30.sm/j3047_6.sm nv: 117895 nc: 237953 enctime: 1.24
c File: j3047_6.smnaivebi2.wcnf
c optimal
c final solution cost: 53
c CPU time: 2.457230
s OPTIMUM FOUND

c File: j3047_6.smbi2.wcnf
c optimal
c final solution cost: 53
c CPU time: 0.643568
s OPTIMUM FOUND


rcpsp/heur_output_bi_constraints/Log=2/heurj30.txt
encoding rcpsp/j30.sm/j3047_7.sm nv: 305218 nc: 622213 enctime: 3.65
encoding rcpsp/j30.sm/j3047_7.sm nv: 116654 nc: 236825 enctime: 1.35
c File: j3047_7.smnaivebi2.wcnf
c optimal
c final solution cost: 66
c CPU time: 1.744521
s OPTIMUM FOUND

c File: j3047_7.smbi2.wcnf
c optimal
c final solution cost: 66
c CPU time: 0.482955
s OPTIMUM FOUND


rcpsp/heur_output_bi_constraints/Log=2/heurj30.txt
encoding rcpsp/j30.sm/j3047_8.sm nv: 272878 nc: 550863 enctime: 3.21
encoding rcpsp/j30.sm/j3047_8.sm nv: 96406 nc: 193815 enctime: 1.11
c File: j3047_8.smnaivebi2.wcnf
c optimal
c final solution cost: 48
c CPU time: 0.719569
s OPTIMUM FOUND

c File: j3047_8.smbi2.wcnf
c optimal
c final solution cost: 48
c CPU time: 0.211093
s OPTIMUM FOUND


rcpsp/heur_output_bi_constraints/Log=2/heurj30.txt
encoding rcpsp/j30.sm/j3047_9.sm nv: 282100 nc: 573276 enctime: 3.38
encoding rcpsp/j30.sm/j3047_9.sm nv: 108500 nc: 219580 enctime: 1.13
c File: j3047_9.smnaivebi2.wcnf
c optimal
c final solution cost: 65
c CPU time: 0.751917
s OPTIMUM FOUND

c File: j3047_9.smbi2.wcnf
c optimal
c final solution cost: 65
c CPU time: 0.247096
s OPTIMUM FOUND


rcpsp/heur_output_bi_constraints/Log=2/heurj30.txt
encoding rcpsp/j30.sm/j304_7.sm nv: 30184 nc: 84038 enctime: 0.55
encoding rcpsp/j30.sm/j304_7.sm nv: 6622 nc: 17330 enctime: 0.06
c File: j304_7.smnaivebi2.wcnf
c optimal
c final solution cost: 40
c CPU time: 0.231205
s OPTIMUM FOUND

c File: j304_7.smbi2.wcnf
c optimal
c final solution cost: 40
c CPU time: 0.020809
s OPTIMUM FOUND


rcpsp/heur_output_bi_constraints/Log=2/heurj30.txt
encoding rcpsp/j30.sm/j3048_10.sm nv: 346416 nc: 693594 enctime: 4.01
encoding rcpsp/j30.sm/j3048_10.sm nv: 109286 nc: 217954 enctime: 1.27
c File: j3048_10.smnaivebi2.wcnf
c optimal
c final solution cost: 50
c CPU time: 0.707352
s OPTIMUM FOUND

c File: j3048_10.smbi2.wcnf
c optimal
c final solution cost: 50
c CPU time: 0.192445
s OPTIMUM FOUND


rcpsp/heur_output_bi_constraints/Log=2/heurj30.txt
encoding rcpsp/j30.sm/j3048_1.sm nv: 257543 nc: 512462 enctime: 2.92
encoding rcpsp/j30.sm/j3048_1.sm nv: 122468 nc: 243137 enctime: 1.35
c File: j3048_1.smnaivebi2.wcnf
c optimal
c final solution cost: 55
c CPU time: 0.553197
s OPTIMUM FOUND

c File: j3048_1.smbi2.wcnf
c optimal
c final solution cost: 55
c CPU time: 0.257281
s OPTIMUM FOUND


rcpsp/heur_output_bi_constraints/Log=2/heurj30.txt
encoding rcpsp/j30.sm/j3048_2.sm nv: 278475 nc: 554742 enctime: 3.12
encoding rcpsp/j30.sm/j3048_2.sm nv: 98750 nc: 196111 enctime: 1.12
c File: j3048_2.smnaivebi2.wcnf
c optimal
c final solution cost: 45
c CPU time: 0.550055
s OPTIMUM FOUND

c File: j3048_2.smbi2.wcnf
c optimal
c final solution cost: 45
c CPU time: 0.174961
s OPTIMUM FOUND


rcpsp/heur_output_bi_constraints/Log=2/heurj30.txt
encoding rcpsp/j30.sm/j3048_3.sm nv: 326428 nc: 648251 enctime: 3.80
encoding rcpsp/j30.sm/j3048_3.sm nv: 105366 nc: 208481 enctime: 1.10
c File: j3048_3.smnaivebi2.wcnf
c optimal
c final solution cost: 46
c CPU time: 0.665507
s OPTIMUM FOUND

c File: j3048_3.smbi2.wcnf
c optimal
c final solution cost: 46
c CPU time: 0.223404
s OPTIMUM FOUND


rcpsp/heur_output_bi_constraints/Log=2/heurj30.txt
encoding rcpsp/j30.sm/j3048_4.sm nv: 307020 nc: 616660 enctime: 3.59
encoding rcpsp/j30.sm/j3048_4.sm nv: 110670 nc: 221430 enctime: 1.27
c File: j3048_4.smnaivebi2.wcnf
c optimal
c final solution cost: 54
c CPU time: 0.629040
s OPTIMUM FOUND

c File: j3048_4.smbi2.wcnf
c optimal
c final solution cost: 54
c CPU time: 0.195913
s OPTIMUM FOUND


rcpsp/heur_output_bi_constraints/Log=2/heurj30.txt
encoding rcpsp/j30.sm/j3048_5.sm nv: 330613 nc: 667673 enctime: 3.91
encoding rcpsp/j30.sm/j3048_5.sm nv: 127443 nc: 256493 enctime: 1.46
c File: j3048_5.smnaivebi2.wcnf
c optimal
c final solution cost: 58
c CPU time: 0.673533
s OPTIMUM FOUND

c File: j3048_5.smbi2.wcnf
c optimal
c final solution cost: 58
c CPU time: 0.228023
s OPTIMUM FOUND


rcpsp/heur_output_bi_constraints/Log=2/heurj30.txt
encoding rcpsp/j30.sm/j3048_6.sm nv: 331330 nc: 665200 enctime: 3.83
encoding rcpsp/j30.sm/j3048_6.sm nv: 97450 nc: 194680 enctime: 1.14
c File: j3048_6.smnaivebi2.wcnf
c optimal
c final solution cost: 49
c CPU time: 0.664230
s OPTIMUM FOUND

c File: j3048_6.smbi2.wcnf
c optimal
c final solution cost: 49
c CPU time: 0.155975
s OPTIMUM FOUND


rcpsp/heur_output_bi_constraints/Log=2/heurj30.txt
encoding rcpsp/j30.sm/j3048_7.sm nv: 334063 nc: 672352 enctime: 3.93
encoding rcpsp/j30.sm/j3048_7.sm nv: 117791 nc: 236224 enctime: 1.24
c File: j3048_7.smnaivebi2.wcnf
c optimal
c final solution cost: 44
c CPU time: 0.789089
s OPTIMUM FOUND

c File: j3048_7.smbi2.wcnf
c optimal
c final solution cost: 44
c CPU time: 0.239990
s OPTIMUM FOUND


rcpsp/heur_output_bi_constraints/Log=2/heurj30.txt
encoding rcpsp/j30.sm/j3048_8.sm nv: 271269 nc: 544681 enctime: 3.11
encoding rcpsp/j30.sm/j3048_8.sm nv: 93969 nc: 187981 enctime: 1.08
c File: j3048_8.smnaivebi2.wcnf
c optimal
c final solution cost: 43
c CPU time: 0.545300
s OPTIMUM FOUND

c File: j3048_8.smbi2.wcnf
c optimal
c final solution cost: 43
c CPU time: 0.164519
s OPTIMUM FOUND


rcpsp/heur_output_bi_constraints/Log=2/heurj30.txt
encoding rcpsp/j30.sm/j3048_9.sm nv: 381561 nc: 770630 enctime: 4.48
encoding rcpsp/j30.sm/j3048_9.sm nv: 130482 nc: 262503 enctime: 1.51
c File: j3048_9.smnaivebi2.wcnf
c optimal
c final solution cost: 59
c CPU time: 0.893265
s OPTIMUM FOUND

c File: j3048_9.smbi2.wcnf
c optimal
c final solution cost: 59
c CPU time: 0.286132
s OPTIMUM FOUND


rcpsp/heur_output_bi_constraints/Log=2/heurj30.txt
encoding rcpsp/j30.sm/j304_8.sm nv: 26488 nc: 68814 enctime: 0.45
encoding rcpsp/j30.sm/j304_8.sm nv: 7546 nc: 18753 enctime: 0.07
c File: j304_8.smnaivebi2.wcnf
c optimal
c final solution cost: 48
c CPU time: 0.131474
s OPTIMUM FOUND

c File: j304_8.smbi2.wcnf
c optimal
c final solution cost: 48
c CPU time: 0.018695
s OPTIMUM FOUND


rcpsp/heur_output_bi_constraints/Log=2/heurj30.txt
encoding rcpsp/j30.sm/j304_9.sm nv: 20850 nc: 53324 enctime: 0.35
encoding rcpsp/j30.sm/j304_9.sm nv: 6672 nc: 16400 enctime: 0.06
c File: j304_9.smnaivebi2.wcnf
c optimal
c final solution cost: 36
c CPU time: 0.128865
s OPTIMUM FOUND

c File: j304_9.smbi2.wcnf
c optimal
c final solution cost: 36
c CPU time: 0.029827
s OPTIMUM FOUND


rcpsp/heur_output_bi_constraints/Log=2/heurj30.txt
encoding rcpsp/j30.sm/j305_10.sm nv: 62300 nc: 140851 enctime: 0.84
encoding rcpsp/j30.sm/j305_10.sm nv: 31328 nc: 70207 enctime: 0.36
c File: j305_10.smnaivebi2.wcnf
c optimal
c final solution cost: 61
c CPU time: 2.710080
s OPTIMUM FOUND

c File: j305_10.smbi2.wcnf
c optimal
c final solution cost: 61
c CPU time: 1.846699
s OPTIMUM FOUND


rcpsp/heur_output_bi_constraints/Log=2/heurj30.txt
encoding rcpsp/j30.sm/j305_1.sm nv: 53622 nc: 119288 enctime: 0.69
encoding rcpsp/j30.sm/j305_1.sm nv: 21184 nc: 46474 enctime: 0.24
c File: j305_1.smnaivebi2.wcnf
c optimal
c final solution cost: 44
c CPU time: 0.431673
s OPTIMUM FOUND

c File: j305_1.smbi2.wcnf
c optimal
c final solution cost: 44
c CPU time: 0.190225
s OPTIMUM FOUND


rcpsp/heur_output_bi_constraints/Log=2/heurj30.txt
encoding rcpsp/j30.sm/j305_2.sm nv: 57462 nc: 132787 enctime: 0.79
encoding rcpsp/j30.sm/j305_2.sm nv: 27946 nc: 63885 enctime: 0.33
c File: j305_2.smnaivebi2.wcnf
c optimal
c final solution cost: 62
c CPU time: 1.066884
s OPTIMUM FOUND

c File: j305_2.smbi2.wcnf
c optimal
c final solution cost: 62
c CPU time: 0.645136
s OPTIMUM FOUND


rcpsp/heur_output_bi_constraints/Log=2/heurj30.txt
encoding rcpsp/j30.sm/j305_3.sm nv: 55578 nc: 128011 enctime: 0.76
encoding rcpsp/j30.sm/j305_3.sm nv: 34226 nc: 78371 enctime: 0.46
c File: j305_3.smnaivebi2.wcnf
c optimal
c final solution cost: 74
c CPU time: 7.671216
s OPTIMUM FOUND

c File: j305_3.smbi2.wcnf
c optimal
c final solution cost: 74
c CPU time: 10.007854
s OPTIMUM FOUND


rcpsp/heur_output_bi_constraints/Log=2/heurj30.txt
encoding rcpsp/j30.sm/j305_4.sm nv: 72360 nc: 167602 enctime: 1.02
encoding rcpsp/j30.sm/j305_4.sm nv: 27360 nc: 62477 enctime: 0.32
c File: j305_4.smnaivebi2.wcnf
c optimal
c final solution cost: 53
c CPU time: 1.463504
s OPTIMUM FOUND

c File: j305_4.smbi2.wcnf
c optimal
c final solution cost: 53
c CPU time: 0.670259
s OPTIMUM FOUND


rcpsp/heur_output_bi_constraints/Log=2/heurj30.txt
encoding rcpsp/j30.sm/j305_5.sm nv: 55263 nc: 124906 enctime: 0.73
encoding rcpsp/j30.sm/j305_5.sm nv: 31719 nc: 71194 enctime: 0.37
c File: j305_5.smnaivebi2.wcnf
c optimal
c final solution cost: 65
c CPU time: 1.517526
s OPTIMUM FOUND

c File: j305_5.smbi2.wcnf
c optimal
c final solution cost: 65
c CPU time: 0.888458
s OPTIMUM FOUND


rcpsp/heur_output_bi_constraints/Log=2/heurj30.txt
encoding rcpsp/j30.sm/j305_6.sm nv: 62656 nc: 141469 enctime: 0.85
encoding rcpsp/j30.sm/j305_6.sm nv: 31684 nc: 70912 enctime: 0.37
c File: j305_6.smnaivebi2.wcnf
c optimal
c final solution cost: 60
c CPU time: 0.280314
s OPTIMUM FOUND

c File: j305_6.smbi2.wcnf
c optimal
c final solution cost: 60
c CPU time: 0.216412
s OPTIMUM FOUND


rcpsp/heur_output_bi_constraints/Log=2/heurj30.txt
encoding rcpsp/j30.sm/j305_7.sm nv: 61380 nc: 140037 enctime: 0.82
encoding rcpsp/j30.sm/j305_7.sm nv: 31372 nc: 70957 enctime: 0.41
c File: j305_7.smnaivebi2.wcnf
c timeout
c final solution cost: 75
c CPU time: 60.156699
s UNKNOWN

c File: j305_7.smbi2.wcnf
c timeout
c final solution cost: 76
c CPU time: 60.061315
s UNKNOWN


rcpsp/heur_output_bi_constraints/Log=2/heurj30.txt
encoding rcpsp/j30.sm/j305_8.sm nv: 57750 nc: 131059 enctime: 0.77
encoding rcpsp/j30.sm/j305_8.sm nv: 24420 nc: 54703 enctime: 0.28
c File: j305_8.smnaivebi2.wcnf
c optimal
c final solution cost: 58
c CPU time: 3.976751
s OPTIMUM FOUND

c File: j305_8.smbi2.wcnf
c optimal
c final solution cost: 58
c CPU time: 5.879808
s OPTIMUM FOUND


rcpsp/heur_output_bi_constraints/Log=2/heurj30.txt
encoding rcpsp/j30.sm/j305_9.sm nv: 59004 nc: 127149 enctime: 0.72
encoding rcpsp/j30.sm/j305_9.sm nv: 22176 nc: 47169 enctime: 0.24
c File: j305_9.smnaivebi2.wcnf
c optimal
c final solution cost: 41
c CPU time: 0.527186
s OPTIMUM FOUND

c File: j305_9.smbi2.wcnf
c optimal
c final solution cost: 41
c CPU time: 0.221330
s OPTIMUM FOUND


